
Running tests... 
----------------------------------------------------------------------
 test_add_new_business_category (accountpage.AccountPage) ... ERROR (41.744480)s
 test_delete_store_logo (accountpage.AccountPage) ... OK (85.048231)s
 test_edit_business_name (accountpage.AccountPage) ... OK (47.617605)s
 test_logout (accountpage.AccountPage) ... OK (47.175624)s
 test_update_store_logo (accountpage.AccountPage) ... OK (55.846567)s
 test_add_discount_coupon_from_shortcut (AppiumFrameWork1.tests.test_homepage.HomePage) ... ERROR (39.243032)s
 test_add_shortcuts (AppiumFrameWork1.tests.test_homepage.HomePage) ... ERROR (37.167427)s
 test_delete_shortcut (AppiumFrameWork1.tests.test_homepage.HomePage) ... ERROR (17.625018)s
 test_dukaan_banners (AppiumFrameWork1.tests.test_homepage.HomePage) ... ERROR (36.344288)s
 test_dukaan_status (AppiumFrameWork1.tests.test_homepage.HomePage) ... OK (38.488741)s
 test_home_overview_filters (AppiumFrameWork1.tests.test_homepage.HomePage) ... ERROR (35.620795)s
 test_navigation_in_home_page (AppiumFrameWork1.tests.test_homepage.HomePage) ... OK (62.652565)s
 test_share_link (AppiumFrameWork1.tests.test_homepage.HomePage) ... ERROR (34.182463)s
 test_store_link_redirects_to_buyer_side (AppiumFrameWork1.tests.test_homepage.HomePage) ... ERROR (49.235386)s
 test_store_views (AppiumFrameWork1.tests.test_homepage.HomePage) ... OK (30.940758)s
 test_total_sales_navigating_to_delivered_orders (AppiumFrameWork1.tests.test_homepage.HomePage) ... OK (35.723773)s
 test_login_with_email (AppiumFrameWork1.tests1.test_loginpage.LoginPage) ... OK (34.473718)s
 test_login_with_mobile (AppiumFrameWork1.tests1.test_loginpage.LoginPage) ... ERROR (23.445599)s
 test_add_customer (AppiumFrameWork1.tests.test_managepage.ManageStorePage) ... ERROR (19.009092)s
 test_create_discount_coupon_as_buy_x_get_y (AppiumFrameWork1.tests.test_managepage.ManageStorePage) ... ERROR (40.957568)s
 test_create_discount_coupon_as_flat_discount (AppiumFrameWork1.tests.test_managepage.ManageStorePage) ... ERROR (42.109175)s
 test_create_discount_coupon_as_percentage (AppiumFrameWork1.tests.test_managepage.ManageStorePage) ... ERROR (48.107677)s
 test_create_extra_charge_flat_charge (AppiumFrameWork1.tests.test_managepage.ManageStorePage) ... ERROR (35.737513)s
 test_create_extra_charge_percent (AppiumFrameWork1.tests.test_managepage.ManageStorePage) ... ERROR (36.347987)s
 test_delete_coupon (AppiumFrameWork1.tests.test_managepage.ManageStorePage) ... ERROR (50.053742)s
 test_marketing_designs_page (AppiumFrameWork1.tests.test_managepage.ManageStorePage) ... ERROR (68.421645)s
 test_my_customers_invalid_search (AppiumFrameWork1.tests.test_managepage.ManageStorePage) ... OK (48.014802)s
 test_my_customers_valid_search (AppiumFrameWork1.tests.test_managepage.ManageStorePage) ... ERROR (46.206583)s
 test_order_form_add_new_field_as_date_picker (AppiumFrameWork1.tests.test_managepage.ManageStorePage) ... OK (54.941683)s
 test_order_form_add_new_field_as_email (AppiumFrameWork1.tests.test_managepage.ManageStorePage) ... ERROR (54.066972)s
 test_order_form_add_new_field_as_textfield (AppiumFrameWork1.tests.test_managepage.ManageStorePage) ... ERROR (52.071965)s
 test_order_form_add_new_field_as_time_picker (AppiumFrameWork1.tests.test_managepage.ManageStorePage) ... ERROR (53.504735)s
 test_order_form_edit_field (AppiumFrameWork1.tests.test_managepage.ManageStorePage) ... ERROR (52.913107)s
 test_whatsapp_stories (AppiumFrameWork1.tests.test_managepage.ManageStorePage) ... OK (46.313993)s
 test__search_invalid_order_id (AppiumFrameWork1.tests.test_orderpage.OrdersPage) ... OK (175.085353)s
 test_download_reports (AppiumFrameWork1.tests.test_orderpage.OrdersPage) ... ERROR (33.856552)s
 test_edit_delivery_fee (AppiumFrameWork1.tests.test_orderpage.OrdersPage) ... ERROR (35.161098)s
 test_edit_order_confirmation_from_buyer (AppiumFrameWork1.tests.test_orderpage.OrdersPage) ... ERROR (38.028437)s
 test_mobile_number_matching (AppiumFrameWork1.tests.test_orderpage.OrdersPage) ... ERROR (33.039196)s
 test_name_matching (AppiumFrameWork1.tests.test_orderpage.OrdersPage) ... ERROR (166.388849)s
 test_order_an_item_from_buyer_side (AppiumFrameWork1.tests.test_orderpage.OrdersPage) ... ERROR (35.364426)s
 test_order_details_page (AppiumFrameWork1.tests.test_orderpage.OrdersPage) ... ERROR (52.896837)s
 test_order_id_matching (AppiumFrameWork1.tests.test_orderpage.OrdersPage) ... ERROR (132.195595)s
 test_order_search_by_mobile_number (AppiumFrameWork1.tests.test_orderpage.OrdersPage) ... ERROR (33.963682)s
 test_order_search_by_name (AppiumFrameWork1.tests.test_orderpage.OrdersPage) ... ERROR (86.703110)s
 test_orders_page_range_filters (AppiumFrameWork1.tests.test_orderpage.OrdersPage) ... ERROR (89.290594)s
 test_search_invalid_mobile_number (AppiumFrameWork1.tests.test_orderpage.OrdersPage) ... OK (74.895822)s
 test_search_invalid_name (AppiumFrameWork1.tests.test_orderpage.OrdersPage) ... ERROR (123.357764)s
 test_add_new_category (AppiumFrameWork1.tests.test_productpage.ProductsPage) ... OK (53.477535)s
 test_add_product_with_multiple_categories (AppiumFrameWork1.tests.test_productpage.ProductsPage) ... ERROR (52.199775)s
 test_add_products (AppiumFrameWork1.tests.test_productpage.ProductsPage) ... ERROR (46.191366)s
 test_category_search (AppiumFrameWork1.tests.test_productpage.ProductsPage) ... OK (47.019273)s
 test_delete_product (AppiumFrameWork1.tests.test_productpage.ProductsPage) ... ERROR (47.901546)s
 test_edit_product (AppiumFrameWork1.tests.test_productpage.ProductsPage) ... ERROR (42.596164)s
 test_price_validation (AppiumFrameWork1.tests.test_productpage.ProductsPage) ... ERROR (43.766282)s
 test_product_add_with_product_name_as_blank_spaces (AppiumFrameWork1.tests.test_productpage.ProductsPage) ... ERROR (42.894628)s
 test_product_add_with_variant (AppiumFrameWork1.tests.test_productpage.ProductsPage) ... ERROR (34.076039)s
 test_product_add_without_categories (AppiumFrameWork1.tests.test_productpage.ProductsPage) ... OK (52.304797)s
 test_product_add_without_price (AppiumFrameWork1.tests.test_productpage.ProductsPage) ... ERROR (41.068246)s
 test_product_save_as_draft (AppiumFrameWork1.tests.test_productpage.ProductsPage) ... ERROR (49.165487)s
 test_product_stock_toggle (AppiumFrameWork1.tests.test_productpage.ProductsPage) ... ERROR (61.069201)s
 test_search_product (AppiumFrameWork1.tests.test_productpage.ProductsPage) ... OK (47.754820)s

======================================================================
ERROR [41.744480s]: accountpage.AccountPage.test_add_new_business_category
----------------------------------------------------------------------
Traceback (most recent call last):
  File "C:\Users\clinton\PycharmPythonProject\AppiumFrameWork1\tests1\accountpage.py", line 196, in test_add_new_business_category
    accounts_icon = self.driver.find_element_by_android_uiautomator('new UiSelector().className("android.widget.TextView").text("Account")')
  File "C:\Users\clinton\PycharmPythonProject\venv\lib\site-packages\appium\webdriver\extensions\search_context\android.py", line 171, in find_element_by_android_uiautomator
    return self.find_element(by=AppiumBy.ANDROID_UIAUTOMATOR, value=uia_string)
  File "C:\Users\clinton\PycharmPythonProject\venv\lib\site-packages\appium\webdriver\webdriver.py", line 414, in find_element
    return self.execute(RemoteCommand.FIND_ELEMENT, {'using': by, 'value': value})['value']
  File "C:\Users\clinton\PycharmPythonProject\venv\lib\site-packages\selenium\webdriver\remote\webdriver.py", line 418, in execute
    self.error_handler.check_response(response)
  File "C:\Users\clinton\PycharmPythonProject\venv\lib\site-packages\appium\webdriver\errorhandler.py", line 30, in check_response
    raise wde
  File "C:\Users\clinton\PycharmPythonProject\venv\lib\site-packages\appium\webdriver\errorhandler.py", line 26, in check_response
    super().check_response(response)
  File "C:\Users\clinton\PycharmPythonProject\venv\lib\site-packages\selenium\webdriver\remote\errorhandler.py", line 243, in check_response
    raise exception_class(message, screen, stacktrace)
selenium.common.exceptions.NoSuchElementException: Message: An element could not be located on the page using the given search parameters.
Stacktrace:
NoSuchElementError: An element could not be located on the page using the given search parameters.
    at AndroidUiautomator2Driver.findElOrEls (C:\Users\clinton\AppData\Local\Programs\Appium Server GUI\resources\app\node_modules\appium\node_modules\appium-android-driver\lib\commands\find.js:75:11)
    at runMicrotasks (<anonymous>)
    at processTicksAndRejections (internal/process/task_queues.js:85:5)

======================================================================
ERROR [39.243032s]: AppiumFrameWork1.tests.test_homepage.HomePage.test_add_discount_coupon_from_shortcut
----------------------------------------------------------------------
Traceback (most recent call last):
  File "C:\Users\clinton\PycharmPythonProject\AppiumFrameWork1\tests\test_homepage.py", line 469, in test_add_discount_coupon_from_shortcut
    trial_close_button = self.driver.find_element_by_id("com.dukaan.app:id/closeIV")
  File "C:\Users\clinton\PycharmPythonProject\venv\lib\site-packages\selenium\webdriver\remote\webdriver.py", line 466, in find_element_by_id
    return self.find_element(by=By.ID, value=id_)
  File "C:\Users\clinton\PycharmPythonProject\venv\lib\site-packages\appium\webdriver\webdriver.py", line 414, in find_element
    return self.execute(RemoteCommand.FIND_ELEMENT, {'using': by, 'value': value})['value']
  File "C:\Users\clinton\PycharmPythonProject\venv\lib\site-packages\selenium\webdriver\remote\webdriver.py", line 418, in execute
    self.error_handler.check_response(response)
  File "C:\Users\clinton\PycharmPythonProject\venv\lib\site-packages\appium\webdriver\errorhandler.py", line 30, in check_response
    raise wde
  File "C:\Users\clinton\PycharmPythonProject\venv\lib\site-packages\appium\webdriver\errorhandler.py", line 26, in check_response
    super().check_response(response)
  File "C:\Users\clinton\PycharmPythonProject\venv\lib\site-packages\selenium\webdriver\remote\errorhandler.py", line 243, in check_response
    raise exception_class(message, screen, stacktrace)
selenium.common.exceptions.NoSuchElementException: Message: An element could not be located on the page using the given search parameters.
Stacktrace:
NoSuchElementError: An element could not be located on the page using the given search parameters.
    at AndroidUiautomator2Driver.findElOrEls (C:\Users\clinton\AppData\Local\Programs\Appium Server GUI\resources\app\node_modules\appium\node_modules\appium-android-driver\lib\commands\find.js:75:11)
    at processTicksAndRejections (internal/process/task_queues.js:85:5)

======================================================================
ERROR [37.167427s]: AppiumFrameWork1.tests.test_homepage.HomePage.test_add_shortcuts
----------------------------------------------------------------------
Traceback (most recent call last):
  File "C:\Users\clinton\PycharmPythonProject\AppiumFrameWork1\tests\test_homepage.py", line 388, in test_add_shortcuts
    'new UiSelector().className("android.widget.TextView").text("Add shortcut")')
  File "C:\Users\clinton\PycharmPythonProject\venv\lib\site-packages\appium\webdriver\extensions\search_context\android.py", line 171, in find_element_by_android_uiautomator
    return self.find_element(by=AppiumBy.ANDROID_UIAUTOMATOR, value=uia_string)
  File "C:\Users\clinton\PycharmPythonProject\venv\lib\site-packages\appium\webdriver\webdriver.py", line 414, in find_element
    return self.execute(RemoteCommand.FIND_ELEMENT, {'using': by, 'value': value})['value']
  File "C:\Users\clinton\PycharmPythonProject\venv\lib\site-packages\selenium\webdriver\remote\webdriver.py", line 418, in execute
    self.error_handler.check_response(response)
  File "C:\Users\clinton\PycharmPythonProject\venv\lib\site-packages\appium\webdriver\errorhandler.py", line 30, in check_response
    raise wde
  File "C:\Users\clinton\PycharmPythonProject\venv\lib\site-packages\appium\webdriver\errorhandler.py", line 26, in check_response
    super().check_response(response)
  File "C:\Users\clinton\PycharmPythonProject\venv\lib\site-packages\selenium\webdriver\remote\errorhandler.py", line 243, in check_response
    raise exception_class(message, screen, stacktrace)
selenium.common.exceptions.NoSuchElementException: Message: An element could not be located on the page using the given search parameters.
Stacktrace:
NoSuchElementError: An element could not be located on the page using the given search parameters.
    at AndroidUiautomator2Driver.findElOrEls (C:\Users\clinton\AppData\Local\Programs\Appium Server GUI\resources\app\node_modules\appium\node_modules\appium-android-driver\lib\commands\find.js:75:11)
    at processTicksAndRejections (internal/process/task_queues.js:85:5)

======================================================================
ERROR [17.625018s]: AppiumFrameWork1.tests.test_homepage.HomePage.test_delete_shortcut
----------------------------------------------------------------------
Traceback (most recent call last):
  File "C:\Users\clinton\PycharmPythonProject\AppiumFrameWork1\tests\test_homepage.py", line 400, in test_delete_shortcut
    get_started_button = self.driver.find_element_by_id("com.dukaan.app:id/get_started")
  File "C:\Users\clinton\PycharmPythonProject\venv\lib\site-packages\selenium\webdriver\remote\webdriver.py", line 466, in find_element_by_id
    return self.find_element(by=By.ID, value=id_)
  File "C:\Users\clinton\PycharmPythonProject\venv\lib\site-packages\appium\webdriver\webdriver.py", line 414, in find_element
    return self.execute(RemoteCommand.FIND_ELEMENT, {'using': by, 'value': value})['value']
  File "C:\Users\clinton\PycharmPythonProject\venv\lib\site-packages\selenium\webdriver\remote\webdriver.py", line 418, in execute
    self.error_handler.check_response(response)
  File "C:\Users\clinton\PycharmPythonProject\venv\lib\site-packages\appium\webdriver\errorhandler.py", line 30, in check_response
    raise wde
  File "C:\Users\clinton\PycharmPythonProject\venv\lib\site-packages\appium\webdriver\errorhandler.py", line 26, in check_response
    super().check_response(response)
  File "C:\Users\clinton\PycharmPythonProject\venv\lib\site-packages\selenium\webdriver\remote\errorhandler.py", line 243, in check_response
    raise exception_class(message, screen, stacktrace)
selenium.common.exceptions.NoSuchElementException: Message: An element could not be located on the page using the given search parameters.
Stacktrace:
NoSuchElementError: An element could not be located on the page using the given search parameters.
    at AndroidUiautomator2Driver.findElOrEls (C:\Users\clinton\AppData\Local\Programs\Appium Server GUI\resources\app\node_modules\appium\node_modules\appium-android-driver\lib\commands\find.js:75:11)
    at processTicksAndRejections (internal/process/task_queues.js:85:5)

======================================================================
ERROR [36.344288s]: AppiumFrameWork1.tests.test_homepage.HomePage.test_dukaan_banners
----------------------------------------------------------------------
Traceback (most recent call last):
  File "C:\Users\clinton\PycharmPythonProject\AppiumFrameWork1\tests\test_homepage.py", line 320, in test_dukaan_banners
    '/hierarchy/android.widget.FrameLayout/android.widget.LinearLayout/android.widget.FrameLayout/android.widget.LinearLayout/android.widget.FrameLayout/android.view.ViewGroup/android.widget.FrameLayout[1]/android.widget.RelativeLayout/android.widget.RelativeLayout/android.view.ViewGroup[2]/android.widget.LinearLayout/androidx.recyclerview.widget.RecyclerView/android.view.ViewGroup/androidx.recyclerview.widget.RecyclerView/android.view.ViewGroup[1]/android.widget.ImageView')
  File "C:\Users\clinton\PycharmPythonProject\venv\lib\site-packages\selenium\webdriver\remote\webdriver.py", line 514, in find_element_by_xpath
    return self.find_element(by=By.XPATH, value=xpath)
  File "C:\Users\clinton\PycharmPythonProject\venv\lib\site-packages\appium\webdriver\webdriver.py", line 414, in find_element
    return self.execute(RemoteCommand.FIND_ELEMENT, {'using': by, 'value': value})['value']
  File "C:\Users\clinton\PycharmPythonProject\venv\lib\site-packages\selenium\webdriver\remote\webdriver.py", line 418, in execute
    self.error_handler.check_response(response)
  File "C:\Users\clinton\PycharmPythonProject\venv\lib\site-packages\appium\webdriver\errorhandler.py", line 30, in check_response
    raise wde
  File "C:\Users\clinton\PycharmPythonProject\venv\lib\site-packages\appium\webdriver\errorhandler.py", line 26, in check_response
    super().check_response(response)
  File "C:\Users\clinton\PycharmPythonProject\venv\lib\site-packages\selenium\webdriver\remote\errorhandler.py", line 243, in check_response
    raise exception_class(message, screen, stacktrace)
selenium.common.exceptions.NoSuchElementException: Message: An element could not be located on the page using the given search parameters.
Stacktrace:
NoSuchElementError: An element could not be located on the page using the given search parameters.
    at AndroidUiautomator2Driver.findElOrEls (C:\Users\clinton\AppData\Local\Programs\Appium Server GUI\resources\app\node_modules\appium\node_modules\appium-android-driver\lib\commands\find.js:75:11)
    at processTicksAndRejections (internal/process/task_queues.js:85:5)

======================================================================
ERROR [35.620795s]: AppiumFrameWork1.tests.test_homepage.HomePage.test_home_overview_filters
----------------------------------------------------------------------
Traceback (most recent call last):
  File "C:\Users\clinton\PycharmPythonProject\AppiumFrameWork1\tests\test_homepage.py", line 221, in test_home_overview_filters
    filter_dropdown = self.driver.find_element_by_id("com.dukaan.app:id/overvieoverview_w_filter_tv")
  File "C:\Users\clinton\PycharmPythonProject\venv\lib\site-packages\selenium\webdriver\remote\webdriver.py", line 466, in find_element_by_id
    return self.find_element(by=By.ID, value=id_)
  File "C:\Users\clinton\PycharmPythonProject\venv\lib\site-packages\appium\webdriver\webdriver.py", line 414, in find_element
    return self.execute(RemoteCommand.FIND_ELEMENT, {'using': by, 'value': value})['value']
  File "C:\Users\clinton\PycharmPythonProject\venv\lib\site-packages\selenium\webdriver\remote\webdriver.py", line 418, in execute
    self.error_handler.check_response(response)
  File "C:\Users\clinton\PycharmPythonProject\venv\lib\site-packages\appium\webdriver\errorhandler.py", line 30, in check_response
    raise wde
  File "C:\Users\clinton\PycharmPythonProject\venv\lib\site-packages\appium\webdriver\errorhandler.py", line 26, in check_response
    super().check_response(response)
  File "C:\Users\clinton\PycharmPythonProject\venv\lib\site-packages\selenium\webdriver\remote\errorhandler.py", line 243, in check_response
    raise exception_class(message, screen, stacktrace)
selenium.common.exceptions.NoSuchElementException: Message: An element could not be located on the page using the given search parameters.
Stacktrace:
NoSuchElementError: An element could not be located on the page using the given search parameters.
    at AndroidUiautomator2Driver.findElOrEls (C:\Users\clinton\AppData\Local\Programs\Appium Server GUI\resources\app\node_modules\appium\node_modules\appium-android-driver\lib\commands\find.js:75:11)
    at processTicksAndRejections (internal/process/task_queues.js:85:5)

======================================================================
ERROR [34.182463s]: AppiumFrameWork1.tests.test_homepage.HomePage.test_share_link
----------------------------------------------------------------------
Traceback (most recent call last):
  File "C:\Users\clinton\PycharmPythonProject\AppiumFrameWork1\tests\test_homepage.py", line 186, in test_share_link
    whatsapp_share_icon = self.driver.find_element_by_id("com.dukaan.app:id/share_whatsapp_iv")
  File "C:\Users\clinton\PycharmPythonProject\venv\lib\site-packages\selenium\webdriver\remote\webdriver.py", line 466, in find_element_by_id
    return self.find_element(by=By.ID, value=id_)
  File "C:\Users\clinton\PycharmPythonProject\venv\lib\site-packages\appium\webdriver\webdriver.py", line 414, in find_element
    return self.execute(RemoteCommand.FIND_ELEMENT, {'using': by, 'value': value})['value']
  File "C:\Users\clinton\PycharmPythonProject\venv\lib\site-packages\selenium\webdriver\remote\webdriver.py", line 418, in execute
    self.error_handler.check_response(response)
  File "C:\Users\clinton\PycharmPythonProject\venv\lib\site-packages\appium\webdriver\errorhandler.py", line 30, in check_response
    raise wde
  File "C:\Users\clinton\PycharmPythonProject\venv\lib\site-packages\appium\webdriver\errorhandler.py", line 26, in check_response
    super().check_response(response)
  File "C:\Users\clinton\PycharmPythonProject\venv\lib\site-packages\selenium\webdriver\remote\errorhandler.py", line 243, in check_response
    raise exception_class(message, screen, stacktrace)
selenium.common.exceptions.NoSuchElementException: Message: An element could not be located on the page using the given search parameters.
Stacktrace:
NoSuchElementError: An element could not be located on the page using the given search parameters.
    at AndroidUiautomator2Driver.findElOrEls (C:\Users\clinton\AppData\Local\Programs\Appium Server GUI\resources\app\node_modules\appium\node_modules\appium-android-driver\lib\commands\find.js:75:11)
    at processTicksAndRejections (internal/process/task_queues.js:85:5)

======================================================================
ERROR [49.235386s]: AppiumFrameWork1.tests.test_homepage.HomePage.test_store_link_redirects_to_buyer_side
----------------------------------------------------------------------
Traceback (most recent call last):
  File "C:\Users\clinton\PycharmPythonProject\AppiumFrameWork1\tests\test_homepage.py", line 547, in test_store_link_redirects_to_buyer_side
    store_link = self.driver.find_element_by_id("com.dukaan.app:id/store_link_tv")
  File "C:\Users\clinton\PycharmPythonProject\venv\lib\site-packages\selenium\webdriver\remote\webdriver.py", line 466, in find_element_by_id
    return self.find_element(by=By.ID, value=id_)
  File "C:\Users\clinton\PycharmPythonProject\venv\lib\site-packages\appium\webdriver\webdriver.py", line 414, in find_element
    return self.execute(RemoteCommand.FIND_ELEMENT, {'using': by, 'value': value})['value']
  File "C:\Users\clinton\PycharmPythonProject\venv\lib\site-packages\selenium\webdriver\remote\webdriver.py", line 418, in execute
    self.error_handler.check_response(response)
  File "C:\Users\clinton\PycharmPythonProject\venv\lib\site-packages\appium\webdriver\errorhandler.py", line 30, in check_response
    raise wde
  File "C:\Users\clinton\PycharmPythonProject\venv\lib\site-packages\appium\webdriver\errorhandler.py", line 26, in check_response
    super().check_response(response)
  File "C:\Users\clinton\PycharmPythonProject\venv\lib\site-packages\selenium\webdriver\remote\errorhandler.py", line 243, in check_response
    raise exception_class(message, screen, stacktrace)
selenium.common.exceptions.NoSuchElementException: Message: An element could not be located on the page using the given search parameters.
Stacktrace:
NoSuchElementError: An element could not be located on the page using the given search parameters.
    at AndroidUiautomator2Driver.findElOrEls (C:\Users\clinton\AppData\Local\Programs\Appium Server GUI\resources\app\node_modules\appium\node_modules\appium-android-driver\lib\commands\find.js:75:11)
    at processTicksAndRejections (internal/process/task_queues.js:85:5)

======================================================================
ERROR [23.445599s]: AppiumFrameWork1.tests1.test_loginpage.LoginPage.test_login_with_mobile
----------------------------------------------------------------------
Traceback (most recent call last):
  File "C:\Users\clinton\PycharmPythonProject\AppiumFrameWork1\tests1\test_loginpage.py", line 72, in test_login_with_mobile
    otp_textbox = self.driver.find_element_by_id("1d13d877-636d-4ec0-9663-7ce3512c4b87")
  File "C:\Users\clinton\PycharmPythonProject\venv\lib\site-packages\selenium\webdriver\remote\webdriver.py", line 466, in find_element_by_id
    return self.find_element(by=By.ID, value=id_)
  File "C:\Users\clinton\PycharmPythonProject\venv\lib\site-packages\appium\webdriver\webdriver.py", line 414, in find_element
    return self.execute(RemoteCommand.FIND_ELEMENT, {'using': by, 'value': value})['value']
  File "C:\Users\clinton\PycharmPythonProject\venv\lib\site-packages\selenium\webdriver\remote\webdriver.py", line 418, in execute
    self.error_handler.check_response(response)
  File "C:\Users\clinton\PycharmPythonProject\venv\lib\site-packages\appium\webdriver\errorhandler.py", line 30, in check_response
    raise wde
  File "C:\Users\clinton\PycharmPythonProject\venv\lib\site-packages\appium\webdriver\errorhandler.py", line 26, in check_response
    super().check_response(response)
  File "C:\Users\clinton\PycharmPythonProject\venv\lib\site-packages\selenium\webdriver\remote\errorhandler.py", line 243, in check_response
    raise exception_class(message, screen, stacktrace)
selenium.common.exceptions.NoSuchElementException: Message: An element could not be located on the page using the given search parameters.
Stacktrace:
NoSuchElementError: An element could not be located on the page using the given search parameters.
    at AndroidUiautomator2Driver.findElOrEls (C:\Users\clinton\AppData\Local\Programs\Appium Server GUI\resources\app\node_modules\appium\node_modules\appium-android-driver\lib\commands\find.js:75:11)
    at runMicrotasks (<anonymous>)
    at processTicksAndRejections (internal/process/task_queues.js:85:5)

======================================================================
ERROR [19.009092s]: AppiumFrameWork1.tests.test_managepage.ManageStorePage.test_add_customer
----------------------------------------------------------------------
Traceback (most recent call last):
  File "C:\Users\clinton\PycharmPythonProject\AppiumFrameWork1\tests\test_managepage.py", line 368, in test_add_customer
    get_started_button = self.driver.find_element_by_id("com.dukaan.app:id/get_started")
  File "C:\Users\clinton\PycharmPythonProject\venv\lib\site-packages\selenium\webdriver\remote\webdriver.py", line 466, in find_element_by_id
    return self.find_element(by=By.ID, value=id_)
  File "C:\Users\clinton\PycharmPythonProject\venv\lib\site-packages\appium\webdriver\webdriver.py", line 414, in find_element
    return self.execute(RemoteCommand.FIND_ELEMENT, {'using': by, 'value': value})['value']
  File "C:\Users\clinton\PycharmPythonProject\venv\lib\site-packages\selenium\webdriver\remote\webdriver.py", line 418, in execute
    self.error_handler.check_response(response)
  File "C:\Users\clinton\PycharmPythonProject\venv\lib\site-packages\appium\webdriver\errorhandler.py", line 30, in check_response
    raise wde
  File "C:\Users\clinton\PycharmPythonProject\venv\lib\site-packages\appium\webdriver\errorhandler.py", line 26, in check_response
    super().check_response(response)
  File "C:\Users\clinton\PycharmPythonProject\venv\lib\site-packages\selenium\webdriver\remote\errorhandler.py", line 243, in check_response
    raise exception_class(message, screen, stacktrace)
selenium.common.exceptions.NoSuchElementException: Message: An element could not be located on the page using the given search parameters.
Stacktrace:
NoSuchElementError: An element could not be located on the page using the given search parameters.
    at AndroidUiautomator2Driver.findElOrEls (C:\Users\clinton\AppData\Local\Programs\Appium Server GUI\resources\app\node_modules\appium\node_modules\appium-android-driver\lib\commands\find.js:75:11)
    at runMicrotasks (<anonymous>)
    at processTicksAndRejections (internal/process/task_queues.js:85:5)

======================================================================
ERROR [40.957568s]: AppiumFrameWork1.tests.test_managepage.ManageStorePage.test_create_discount_coupon_as_buy_x_get_y
----------------------------------------------------------------------
Traceback (most recent call last):
  File "C:\Users\clinton\PycharmPythonProject\AppiumFrameWork1\tests\test_managepage.py", line 295, in test_create_discount_coupon_as_buy_x_get_y
    create_coupon_button = self.driver.find_element_by_android_uiautomator('new UiSelector().className("android.widget.TextView").text("Create coupon")')
  File "C:\Users\clinton\PycharmPythonProject\venv\lib\site-packages\appium\webdriver\extensions\search_context\android.py", line 171, in find_element_by_android_uiautomator
    return self.find_element(by=AppiumBy.ANDROID_UIAUTOMATOR, value=uia_string)
  File "C:\Users\clinton\PycharmPythonProject\venv\lib\site-packages\appium\webdriver\webdriver.py", line 414, in find_element
    return self.execute(RemoteCommand.FIND_ELEMENT, {'using': by, 'value': value})['value']
  File "C:\Users\clinton\PycharmPythonProject\venv\lib\site-packages\selenium\webdriver\remote\webdriver.py", line 418, in execute
    self.error_handler.check_response(response)
  File "C:\Users\clinton\PycharmPythonProject\venv\lib\site-packages\appium\webdriver\errorhandler.py", line 30, in check_response
    raise wde
  File "C:\Users\clinton\PycharmPythonProject\venv\lib\site-packages\appium\webdriver\errorhandler.py", line 26, in check_response
    super().check_response(response)
  File "C:\Users\clinton\PycharmPythonProject\venv\lib\site-packages\selenium\webdriver\remote\errorhandler.py", line 243, in check_response
    raise exception_class(message, screen, stacktrace)
selenium.common.exceptions.NoSuchElementException: Message: An element could not be located on the page using the given search parameters.
Stacktrace:
NoSuchElementError: An element could not be located on the page using the given search parameters.
    at AndroidUiautomator2Driver.findElOrEls (C:\Users\clinton\AppData\Local\Programs\Appium Server GUI\resources\app\node_modules\appium\node_modules\appium-android-driver\lib\commands\find.js:75:11)
    at processTicksAndRejections (internal/process/task_queues.js:85:5)

======================================================================
ERROR [42.109175s]: AppiumFrameWork1.tests.test_managepage.ManageStorePage.test_create_discount_coupon_as_flat_discount
----------------------------------------------------------------------
Traceback (most recent call last):
  File "C:\Users\clinton\PycharmPythonProject\AppiumFrameWork1\tests\test_managepage.py", line 238, in test_create_discount_coupon_as_flat_discount
    create_coupon_button = self.driver.find_element_by_android_uiautomator('new UiSelector().className("android.widget.TextView").text("Create coupon")')
  File "C:\Users\clinton\PycharmPythonProject\venv\lib\site-packages\appium\webdriver\extensions\search_context\android.py", line 171, in find_element_by_android_uiautomator
    return self.find_element(by=AppiumBy.ANDROID_UIAUTOMATOR, value=uia_string)
  File "C:\Users\clinton\PycharmPythonProject\venv\lib\site-packages\appium\webdriver\webdriver.py", line 414, in find_element
    return self.execute(RemoteCommand.FIND_ELEMENT, {'using': by, 'value': value})['value']
  File "C:\Users\clinton\PycharmPythonProject\venv\lib\site-packages\selenium\webdriver\remote\webdriver.py", line 418, in execute
    self.error_handler.check_response(response)
  File "C:\Users\clinton\PycharmPythonProject\venv\lib\site-packages\appium\webdriver\errorhandler.py", line 30, in check_response
    raise wde
  File "C:\Users\clinton\PycharmPythonProject\venv\lib\site-packages\appium\webdriver\errorhandler.py", line 26, in check_response
    super().check_response(response)
  File "C:\Users\clinton\PycharmPythonProject\venv\lib\site-packages\selenium\webdriver\remote\errorhandler.py", line 243, in check_response
    raise exception_class(message, screen, stacktrace)
selenium.common.exceptions.NoSuchElementException: Message: An element could not be located on the page using the given search parameters.
Stacktrace:
NoSuchElementError: An element could not be located on the page using the given search parameters.
    at AndroidUiautomator2Driver.findElOrEls (C:\Users\clinton\AppData\Local\Programs\Appium Server GUI\resources\app\node_modules\appium\node_modules\appium-android-driver\lib\commands\find.js:75:11)
    at processTicksAndRejections (internal/process/task_queues.js:85:5)

======================================================================
ERROR [48.107677s]: AppiumFrameWork1.tests.test_managepage.ManageStorePage.test_create_discount_coupon_as_percentage
----------------------------------------------------------------------
Traceback (most recent call last):
  File "C:\Users\clinton\PycharmPythonProject\AppiumFrameWork1\tests\test_managepage.py", line 115, in test_create_discount_coupon_as_percentage
    show_coupon_to_customer_toggle = self.driver.find_element(AppiumBy.ID, "com.dukaan.app:id/switch_show_cust")
  File "C:\Users\clinton\PycharmPythonProject\venv\lib\site-packages\appium\webdriver\webdriver.py", line 414, in find_element
    return self.execute(RemoteCommand.FIND_ELEMENT, {'using': by, 'value': value})['value']
  File "C:\Users\clinton\PycharmPythonProject\venv\lib\site-packages\selenium\webdriver\remote\webdriver.py", line 418, in execute
    self.error_handler.check_response(response)
  File "C:\Users\clinton\PycharmPythonProject\venv\lib\site-packages\appium\webdriver\errorhandler.py", line 30, in check_response
    raise wde
  File "C:\Users\clinton\PycharmPythonProject\venv\lib\site-packages\appium\webdriver\errorhandler.py", line 26, in check_response
    super().check_response(response)
  File "C:\Users\clinton\PycharmPythonProject\venv\lib\site-packages\selenium\webdriver\remote\errorhandler.py", line 243, in check_response
    raise exception_class(message, screen, stacktrace)
selenium.common.exceptions.NoSuchElementException: Message: An element could not be located on the page using the given search parameters.
Stacktrace:
NoSuchElementError: An element could not be located on the page using the given search parameters.
    at AndroidUiautomator2Driver.findElOrEls (C:\Users\clinton\AppData\Local\Programs\Appium Server GUI\resources\app\node_modules\appium\node_modules\appium-android-driver\lib\commands\find.js:75:11)
    at runMicrotasks (<anonymous>)
    at processTicksAndRejections (internal/process/task_queues.js:85:5)

======================================================================
ERROR [35.737513s]: AppiumFrameWork1.tests.test_managepage.ManageStorePage.test_create_extra_charge_flat_charge
----------------------------------------------------------------------
Traceback (most recent call last):
  File "C:\Users\clinton\PycharmPythonProject\AppiumFrameWork1\tests\test_managepage.py", line 571, in test_create_extra_charge_flat_charge
    'new UiSelector().className("android.widget.TextView").text("Manage")')
  File "C:\Users\clinton\PycharmPythonProject\venv\lib\site-packages\appium\webdriver\extensions\search_context\android.py", line 171, in find_element_by_android_uiautomator
    return self.find_element(by=AppiumBy.ANDROID_UIAUTOMATOR, value=uia_string)
  File "C:\Users\clinton\PycharmPythonProject\venv\lib\site-packages\appium\webdriver\webdriver.py", line 414, in find_element
    return self.execute(RemoteCommand.FIND_ELEMENT, {'using': by, 'value': value})['value']
  File "C:\Users\clinton\PycharmPythonProject\venv\lib\site-packages\selenium\webdriver\remote\webdriver.py", line 418, in execute
    self.error_handler.check_response(response)
  File "C:\Users\clinton\PycharmPythonProject\venv\lib\site-packages\appium\webdriver\errorhandler.py", line 30, in check_response
    raise wde
  File "C:\Users\clinton\PycharmPythonProject\venv\lib\site-packages\appium\webdriver\errorhandler.py", line 26, in check_response
    super().check_response(response)
  File "C:\Users\clinton\PycharmPythonProject\venv\lib\site-packages\selenium\webdriver\remote\errorhandler.py", line 243, in check_response
    raise exception_class(message, screen, stacktrace)
selenium.common.exceptions.NoSuchElementException: Message: An element could not be located on the page using the given search parameters.
Stacktrace:
NoSuchElementError: An element could not be located on the page using the given search parameters.
    at AndroidUiautomator2Driver.findElOrEls (C:\Users\clinton\AppData\Local\Programs\Appium Server GUI\resources\app\node_modules\appium\node_modules\appium-android-driver\lib\commands\find.js:75:11)
    at processTicksAndRejections (internal/process/task_queues.js:85:5)

======================================================================
ERROR [36.347987s]: AppiumFrameWork1.tests.test_managepage.ManageStorePage.test_create_extra_charge_percent
----------------------------------------------------------------------
Traceback (most recent call last):
  File "C:\Users\clinton\PycharmPythonProject\AppiumFrameWork1\tests\test_managepage.py", line 528, in test_create_extra_charge_percent
    'new UiSelector().className("android.widget.TextView").text("Manage")')
  File "C:\Users\clinton\PycharmPythonProject\venv\lib\site-packages\appium\webdriver\extensions\search_context\android.py", line 171, in find_element_by_android_uiautomator
    return self.find_element(by=AppiumBy.ANDROID_UIAUTOMATOR, value=uia_string)
  File "C:\Users\clinton\PycharmPythonProject\venv\lib\site-packages\appium\webdriver\webdriver.py", line 414, in find_element
    return self.execute(RemoteCommand.FIND_ELEMENT, {'using': by, 'value': value})['value']
  File "C:\Users\clinton\PycharmPythonProject\venv\lib\site-packages\selenium\webdriver\remote\webdriver.py", line 418, in execute
    self.error_handler.check_response(response)
  File "C:\Users\clinton\PycharmPythonProject\venv\lib\site-packages\appium\webdriver\errorhandler.py", line 30, in check_response
    raise wde
  File "C:\Users\clinton\PycharmPythonProject\venv\lib\site-packages\appium\webdriver\errorhandler.py", line 26, in check_response
    super().check_response(response)
  File "C:\Users\clinton\PycharmPythonProject\venv\lib\site-packages\selenium\webdriver\remote\errorhandler.py", line 243, in check_response
    raise exception_class(message, screen, stacktrace)
selenium.common.exceptions.NoSuchElementException: Message: An element could not be located on the page using the given search parameters.
Stacktrace:
NoSuchElementError: An element could not be located on the page using the given search parameters.
    at AndroidUiautomator2Driver.findElOrEls (C:\Users\clinton\AppData\Local\Programs\Appium Server GUI\resources\app\node_modules\appium\node_modules\appium-android-driver\lib\commands\find.js:75:11)
    at processTicksAndRejections (internal/process/task_queues.js:85:5)

======================================================================
ERROR [50.053742s]: AppiumFrameWork1.tests.test_managepage.ManageStorePage.test_delete_coupon
----------------------------------------------------------------------
Traceback (most recent call last):
  File "C:\Users\clinton\PycharmPythonProject\AppiumFrameWork1\tests\test_managepage.py", line 183, in test_delete_coupon
    show_coupon_to_customer_toggle = self.driver.find_element(AppiumBy.ID, "com.dukaan.app:id/switch_show_cust")
  File "C:\Users\clinton\PycharmPythonProject\venv\lib\site-packages\appium\webdriver\webdriver.py", line 414, in find_element
    return self.execute(RemoteCommand.FIND_ELEMENT, {'using': by, 'value': value})['value']
  File "C:\Users\clinton\PycharmPythonProject\venv\lib\site-packages\selenium\webdriver\remote\webdriver.py", line 418, in execute
    self.error_handler.check_response(response)
  File "C:\Users\clinton\PycharmPythonProject\venv\lib\site-packages\appium\webdriver\errorhandler.py", line 30, in check_response
    raise wde
  File "C:\Users\clinton\PycharmPythonProject\venv\lib\site-packages\appium\webdriver\errorhandler.py", line 26, in check_response
    super().check_response(response)
  File "C:\Users\clinton\PycharmPythonProject\venv\lib\site-packages\selenium\webdriver\remote\errorhandler.py", line 243, in check_response
    raise exception_class(message, screen, stacktrace)
selenium.common.exceptions.NoSuchElementException: Message: An element could not be located on the page using the given search parameters.
Stacktrace:
NoSuchElementError: An element could not be located on the page using the given search parameters.
    at AndroidUiautomator2Driver.findElOrEls (C:\Users\clinton\AppData\Local\Programs\Appium Server GUI\resources\app\node_modules\appium\node_modules\appium-android-driver\lib\commands\find.js:75:11)
    at runMicrotasks (<anonymous>)
    at processTicksAndRejections (internal/process/task_queues.js:85:5)

======================================================================
ERROR [68.421645s]: AppiumFrameWork1.tests.test_managepage.ManageStorePage.test_marketing_designs_page
----------------------------------------------------------------------
Traceback (most recent call last):
  File "C:\Users\clinton\PycharmPythonProject\AppiumFrameWork1\tests\test_managepage.py", line 39, in test_marketing_designs_page
    manage_icon = self.driver.find_element(AppiumBy.ANDROID_UIAUTOMATOR, 'new UiSelector().className("android.widget.TextView").text("Manage")')
  File "C:\Users\clinton\PycharmPythonProject\venv\lib\site-packages\appium\webdriver\webdriver.py", line 414, in find_element
    return self.execute(RemoteCommand.FIND_ELEMENT, {'using': by, 'value': value})['value']
  File "C:\Users\clinton\PycharmPythonProject\venv\lib\site-packages\selenium\webdriver\remote\webdriver.py", line 418, in execute
    self.error_handler.check_response(response)
  File "C:\Users\clinton\PycharmPythonProject\venv\lib\site-packages\appium\webdriver\errorhandler.py", line 30, in check_response
    raise wde
  File "C:\Users\clinton\PycharmPythonProject\venv\lib\site-packages\appium\webdriver\errorhandler.py", line 26, in check_response
    super().check_response(response)
  File "C:\Users\clinton\PycharmPythonProject\venv\lib\site-packages\selenium\webdriver\remote\errorhandler.py", line 243, in check_response
    raise exception_class(message, screen, stacktrace)
selenium.common.exceptions.NoSuchElementException: Message: An element could not be located on the page using the given search parameters.
Stacktrace:
NoSuchElementError: An element could not be located on the page using the given search parameters.
    at AndroidUiautomator2Driver.findElOrEls (C:\Users\clinton\AppData\Local\Programs\Appium Server GUI\resources\app\node_modules\appium\node_modules\appium-android-driver\lib\commands\find.js:75:11)
    at processTicksAndRejections (internal/process/task_queues.js:85:5)

======================================================================
ERROR [46.206583s]: AppiumFrameWork1.tests.test_managepage.ManageStorePage.test_my_customers_valid_search
----------------------------------------------------------------------
Traceback (most recent call last):
  File "C:\Users\clinton\PycharmPythonProject\AppiumFrameWork1\tests\test_managepage.py", line 362, in test_my_customers_valid_search
    assert self.driver.find_element_by_android_uiautomator('new UiSelector().className("android.widget.TextView").text("Jayaneeth")')
  File "C:\Users\clinton\PycharmPythonProject\venv\lib\site-packages\appium\webdriver\extensions\search_context\android.py", line 171, in find_element_by_android_uiautomator
    return self.find_element(by=AppiumBy.ANDROID_UIAUTOMATOR, value=uia_string)
  File "C:\Users\clinton\PycharmPythonProject\venv\lib\site-packages\appium\webdriver\webdriver.py", line 414, in find_element
    return self.execute(RemoteCommand.FIND_ELEMENT, {'using': by, 'value': value})['value']
  File "C:\Users\clinton\PycharmPythonProject\venv\lib\site-packages\selenium\webdriver\remote\webdriver.py", line 418, in execute
    self.error_handler.check_response(response)
  File "C:\Users\clinton\PycharmPythonProject\venv\lib\site-packages\appium\webdriver\errorhandler.py", line 30, in check_response
    raise wde
  File "C:\Users\clinton\PycharmPythonProject\venv\lib\site-packages\appium\webdriver\errorhandler.py", line 26, in check_response
    super().check_response(response)
  File "C:\Users\clinton\PycharmPythonProject\venv\lib\site-packages\selenium\webdriver\remote\errorhandler.py", line 243, in check_response
    raise exception_class(message, screen, stacktrace)
selenium.common.exceptions.NoSuchElementException: Message: An element could not be located on the page using the given search parameters.
Stacktrace:
NoSuchElementError: An element could not be located on the page using the given search parameters.
    at AndroidUiautomator2Driver.findElOrEls (C:\Users\clinton\AppData\Local\Programs\Appium Server GUI\resources\app\node_modules\appium\node_modules\appium-android-driver\lib\commands\find.js:75:11)
    at processTicksAndRejections (internal/process/task_queues.js:85:5)

======================================================================
ERROR [54.066972s]: AppiumFrameWork1.tests.test_managepage.ManageStorePage.test_order_form_add_new_field_as_email
----------------------------------------------------------------------
Traceback (most recent call last):
  File "C:\Users\clinton\PycharmPythonProject\AppiumFrameWork1\tests\test_managepage.py", line 815, in test_order_form_add_new_field_as_email
    assert self.driver.find_element_by_android_uiautomator('new UiSelector().className("android.widget.TextView").text("email *")')
  File "C:\Users\clinton\PycharmPythonProject\venv\lib\site-packages\appium\webdriver\extensions\search_context\android.py", line 171, in find_element_by_android_uiautomator
    return self.find_element(by=AppiumBy.ANDROID_UIAUTOMATOR, value=uia_string)
  File "C:\Users\clinton\PycharmPythonProject\venv\lib\site-packages\appium\webdriver\webdriver.py", line 414, in find_element
    return self.execute(RemoteCommand.FIND_ELEMENT, {'using': by, 'value': value})['value']
  File "C:\Users\clinton\PycharmPythonProject\venv\lib\site-packages\selenium\webdriver\remote\webdriver.py", line 418, in execute
    self.error_handler.check_response(response)
  File "C:\Users\clinton\PycharmPythonProject\venv\lib\site-packages\appium\webdriver\errorhandler.py", line 30, in check_response
    raise wde
  File "C:\Users\clinton\PycharmPythonProject\venv\lib\site-packages\appium\webdriver\errorhandler.py", line 26, in check_response
    super().check_response(response)
  File "C:\Users\clinton\PycharmPythonProject\venv\lib\site-packages\selenium\webdriver\remote\errorhandler.py", line 243, in check_response
    raise exception_class(message, screen, stacktrace)
selenium.common.exceptions.NoSuchElementException: Message: An element could not be located on the page using the given search parameters.
Stacktrace:
NoSuchElementError: An element could not be located on the page using the given search parameters.
    at AndroidUiautomator2Driver.findElOrEls (C:\Users\clinton\AppData\Local\Programs\Appium Server GUI\resources\app\node_modules\appium\node_modules\appium-android-driver\lib\commands\find.js:75:11)
    at processTicksAndRejections (internal/process/task_queues.js:85:5)

======================================================================
ERROR [52.071965s]: AppiumFrameWork1.tests.test_managepage.ManageStorePage.test_order_form_add_new_field_as_textfield
----------------------------------------------------------------------
Traceback (most recent call last):
  File "C:\Users\clinton\PycharmPythonProject\AppiumFrameWork1\tests\test_managepage.py", line 765, in test_order_form_add_new_field_as_textfield
    assert self.driver.find_element_by_android_uiautomator('new UiSelector().className("android.widget.TextView").text("text field *")')
  File "C:\Users\clinton\PycharmPythonProject\venv\lib\site-packages\appium\webdriver\extensions\search_context\android.py", line 171, in find_element_by_android_uiautomator
    return self.find_element(by=AppiumBy.ANDROID_UIAUTOMATOR, value=uia_string)
  File "C:\Users\clinton\PycharmPythonProject\venv\lib\site-packages\appium\webdriver\webdriver.py", line 414, in find_element
    return self.execute(RemoteCommand.FIND_ELEMENT, {'using': by, 'value': value})['value']
  File "C:\Users\clinton\PycharmPythonProject\venv\lib\site-packages\selenium\webdriver\remote\webdriver.py", line 418, in execute
    self.error_handler.check_response(response)
  File "C:\Users\clinton\PycharmPythonProject\venv\lib\site-packages\appium\webdriver\errorhandler.py", line 30, in check_response
    raise wde
  File "C:\Users\clinton\PycharmPythonProject\venv\lib\site-packages\appium\webdriver\errorhandler.py", line 26, in check_response
    super().check_response(response)
  File "C:\Users\clinton\PycharmPythonProject\venv\lib\site-packages\selenium\webdriver\remote\errorhandler.py", line 243, in check_response
    raise exception_class(message, screen, stacktrace)
selenium.common.exceptions.NoSuchElementException: Message: An element could not be located on the page using the given search parameters.
Stacktrace:
NoSuchElementError: An element could not be located on the page using the given search parameters.
    at AndroidUiautomator2Driver.findElOrEls (C:\Users\clinton\AppData\Local\Programs\Appium Server GUI\resources\app\node_modules\appium\node_modules\appium-android-driver\lib\commands\find.js:75:11)
    at processTicksAndRejections (internal/process/task_queues.js:85:5)

======================================================================
ERROR [53.504735s]: AppiumFrameWork1.tests.test_managepage.ManageStorePage.test_order_form_add_new_field_as_time_picker
----------------------------------------------------------------------
Traceback (most recent call last):
  File "C:\Users\clinton\PycharmPythonProject\AppiumFrameWork1\tests\test_managepage.py", line 915, in test_order_form_add_new_field_as_time_picker
    assert self.driver.find_element_by_android_uiautomator('new UiSelector().className("android.widget.TextView").text("time picker *")')
  File "C:\Users\clinton\PycharmPythonProject\venv\lib\site-packages\appium\webdriver\extensions\search_context\android.py", line 171, in find_element_by_android_uiautomator
    return self.find_element(by=AppiumBy.ANDROID_UIAUTOMATOR, value=uia_string)
  File "C:\Users\clinton\PycharmPythonProject\venv\lib\site-packages\appium\webdriver\webdriver.py", line 414, in find_element
    return self.execute(RemoteCommand.FIND_ELEMENT, {'using': by, 'value': value})['value']
  File "C:\Users\clinton\PycharmPythonProject\venv\lib\site-packages\selenium\webdriver\remote\webdriver.py", line 418, in execute
    self.error_handler.check_response(response)
  File "C:\Users\clinton\PycharmPythonProject\venv\lib\site-packages\appium\webdriver\errorhandler.py", line 30, in check_response
    raise wde
  File "C:\Users\clinton\PycharmPythonProject\venv\lib\site-packages\appium\webdriver\errorhandler.py", line 26, in check_response
    super().check_response(response)
  File "C:\Users\clinton\PycharmPythonProject\venv\lib\site-packages\selenium\webdriver\remote\errorhandler.py", line 243, in check_response
    raise exception_class(message, screen, stacktrace)
selenium.common.exceptions.NoSuchElementException: Message: An element could not be located on the page using the given search parameters.
Stacktrace:
NoSuchElementError: An element could not be located on the page using the given search parameters.
    at AndroidUiautomator2Driver.findElOrEls (C:\Users\clinton\AppData\Local\Programs\Appium Server GUI\resources\app\node_modules\appium\node_modules\appium-android-driver\lib\commands\find.js:75:11)
    at processTicksAndRejections (internal/process/task_queues.js:85:5)

======================================================================
ERROR [52.913107s]: AppiumFrameWork1.tests.test_managepage.ManageStorePage.test_order_form_edit_field
----------------------------------------------------------------------
Traceback (most recent call last):
  File "C:\Users\clinton\PycharmPythonProject\AppiumFrameWork1\tests\test_managepage.py", line 966, in test_order_form_edit_field
    menu_icon = self.driver.find_element_by_id("com.dukaan.app:id/iv_addon_overflow_menu")
  File "C:\Users\clinton\PycharmPythonProject\venv\lib\site-packages\selenium\webdriver\remote\webdriver.py", line 466, in find_element_by_id
    return self.find_element(by=By.ID, value=id_)
  File "C:\Users\clinton\PycharmPythonProject\venv\lib\site-packages\appium\webdriver\webdriver.py", line 414, in find_element
    return self.execute(RemoteCommand.FIND_ELEMENT, {'using': by, 'value': value})['value']
  File "C:\Users\clinton\PycharmPythonProject\venv\lib\site-packages\selenium\webdriver\remote\webdriver.py", line 418, in execute
    self.error_handler.check_response(response)
  File "C:\Users\clinton\PycharmPythonProject\venv\lib\site-packages\appium\webdriver\errorhandler.py", line 30, in check_response
    raise wde
  File "C:\Users\clinton\PycharmPythonProject\venv\lib\site-packages\appium\webdriver\errorhandler.py", line 26, in check_response
    super().check_response(response)
  File "C:\Users\clinton\PycharmPythonProject\venv\lib\site-packages\selenium\webdriver\remote\errorhandler.py", line 243, in check_response
    raise exception_class(message, screen, stacktrace)
selenium.common.exceptions.NoSuchElementException: Message: An element could not be located on the page using the given search parameters.
Stacktrace:
NoSuchElementError: An element could not be located on the page using the given search parameters.
    at AndroidUiautomator2Driver.findElOrEls (C:\Users\clinton\AppData\Local\Programs\Appium Server GUI\resources\app\node_modules\appium\node_modules\appium-android-driver\lib\commands\find.js:75:11)
    at processTicksAndRejections (internal/process/task_queues.js:85:5)

======================================================================
ERROR [33.856552s]: AppiumFrameWork1.tests.test_orderpage.OrdersPage.test_download_reports
----------------------------------------------------------------------
Traceback (most recent call last):
  File "C:\Users\clinton\PycharmPythonProject\AppiumFrameWork1\tests\test_orderpage.py", line 228, in test_download_reports
    'new UiSelector().className("android.widget.TextView").text("Orders")')
  File "C:\Users\clinton\PycharmPythonProject\venv\lib\site-packages\appium\webdriver\extensions\search_context\android.py", line 171, in find_element_by_android_uiautomator
    return self.find_element(by=AppiumBy.ANDROID_UIAUTOMATOR, value=uia_string)
  File "C:\Users\clinton\PycharmPythonProject\venv\lib\site-packages\appium\webdriver\webdriver.py", line 414, in find_element
    return self.execute(RemoteCommand.FIND_ELEMENT, {'using': by, 'value': value})['value']
  File "C:\Users\clinton\PycharmPythonProject\venv\lib\site-packages\selenium\webdriver\remote\webdriver.py", line 418, in execute
    self.error_handler.check_response(response)
  File "C:\Users\clinton\PycharmPythonProject\venv\lib\site-packages\appium\webdriver\errorhandler.py", line 30, in check_response
    raise wde
  File "C:\Users\clinton\PycharmPythonProject\venv\lib\site-packages\appium\webdriver\errorhandler.py", line 26, in check_response
    super().check_response(response)
  File "C:\Users\clinton\PycharmPythonProject\venv\lib\site-packages\selenium\webdriver\remote\errorhandler.py", line 243, in check_response
    raise exception_class(message, screen, stacktrace)
selenium.common.exceptions.NoSuchElementException: Message: An element could not be located on the page using the given search parameters.
Stacktrace:
NoSuchElementError: An element could not be located on the page using the given search parameters.
    at AndroidUiautomator2Driver.findElOrEls (C:\Users\clinton\AppData\Local\Programs\Appium Server GUI\resources\app\node_modules\appium\node_modules\appium-android-driver\lib\commands\find.js:75:11)
    at processTicksAndRejections (internal/process/task_queues.js:85:5)

======================================================================
ERROR [35.161098s]: AppiumFrameWork1.tests.test_orderpage.OrdersPage.test_edit_delivery_fee
----------------------------------------------------------------------
Traceback (most recent call last):
  File "C:\Users\clinton\PycharmPythonProject\AppiumFrameWork1\tests\test_orderpage.py", line 372, in test_edit_delivery_fee
    'new UiSelector().className("android.widget.TextView").text("Orders")')
  File "C:\Users\clinton\PycharmPythonProject\venv\lib\site-packages\appium\webdriver\extensions\search_context\android.py", line 171, in find_element_by_android_uiautomator
    return self.find_element(by=AppiumBy.ANDROID_UIAUTOMATOR, value=uia_string)
  File "C:\Users\clinton\PycharmPythonProject\venv\lib\site-packages\appium\webdriver\webdriver.py", line 414, in find_element
    return self.execute(RemoteCommand.FIND_ELEMENT, {'using': by, 'value': value})['value']
  File "C:\Users\clinton\PycharmPythonProject\venv\lib\site-packages\selenium\webdriver\remote\webdriver.py", line 418, in execute
    self.error_handler.check_response(response)
  File "C:\Users\clinton\PycharmPythonProject\venv\lib\site-packages\appium\webdriver\errorhandler.py", line 30, in check_response
    raise wde
  File "C:\Users\clinton\PycharmPythonProject\venv\lib\site-packages\appium\webdriver\errorhandler.py", line 26, in check_response
    super().check_response(response)
  File "C:\Users\clinton\PycharmPythonProject\venv\lib\site-packages\selenium\webdriver\remote\errorhandler.py", line 243, in check_response
    raise exception_class(message, screen, stacktrace)
selenium.common.exceptions.NoSuchElementException: Message: An element could not be located on the page using the given search parameters.
Stacktrace:
NoSuchElementError: An element could not be located on the page using the given search parameters.
    at AndroidUiautomator2Driver.findElOrEls (C:\Users\clinton\AppData\Local\Programs\Appium Server GUI\resources\app\node_modules\appium\node_modules\appium-android-driver\lib\commands\find.js:75:11)
    at runMicrotasks (<anonymous>)
    at processTicksAndRejections (internal/process/task_queues.js:85:5)

======================================================================
ERROR [38.028437s]: AppiumFrameWork1.tests.test_orderpage.OrdersPage.test_edit_order_confirmation_from_buyer
----------------------------------------------------------------------
Traceback (most recent call last):
  File "C:\Users\clinton\PycharmPythonProject\AppiumFrameWork1\tests\test_orderpage.py", line 819, in test_edit_order_confirmation_from_buyer
    store_link = self.driver.find_element_by_id("com.dukaan.app:id/store_link_tv")
  File "C:\Users\clinton\PycharmPythonProject\venv\lib\site-packages\selenium\webdriver\remote\webdriver.py", line 466, in find_element_by_id
    return self.find_element(by=By.ID, value=id_)
  File "C:\Users\clinton\PycharmPythonProject\venv\lib\site-packages\appium\webdriver\webdriver.py", line 414, in find_element
    return self.execute(RemoteCommand.FIND_ELEMENT, {'using': by, 'value': value})['value']
  File "C:\Users\clinton\PycharmPythonProject\venv\lib\site-packages\selenium\webdriver\remote\webdriver.py", line 418, in execute
    self.error_handler.check_response(response)
  File "C:\Users\clinton\PycharmPythonProject\venv\lib\site-packages\appium\webdriver\errorhandler.py", line 30, in check_response
    raise wde
  File "C:\Users\clinton\PycharmPythonProject\venv\lib\site-packages\appium\webdriver\errorhandler.py", line 26, in check_response
    super().check_response(response)
  File "C:\Users\clinton\PycharmPythonProject\venv\lib\site-packages\selenium\webdriver\remote\errorhandler.py", line 243, in check_response
    raise exception_class(message, screen, stacktrace)
selenium.common.exceptions.NoSuchElementException: Message: An element could not be located on the page using the given search parameters.
Stacktrace:
NoSuchElementError: An element could not be located on the page using the given search parameters.
    at AndroidUiautomator2Driver.findElOrEls (C:\Users\clinton\AppData\Local\Programs\Appium Server GUI\resources\app\node_modules\appium\node_modules\appium-android-driver\lib\commands\find.js:75:11)
    at runMicrotasks (<anonymous>)
    at processTicksAndRejections (internal/process/task_queues.js:85:5)

======================================================================
ERROR [33.039196s]: AppiumFrameWork1.tests.test_orderpage.OrdersPage.test_mobile_number_matching
----------------------------------------------------------------------
Traceback (most recent call last):
  File "C:\Users\clinton\PycharmPythonProject\AppiumFrameWork1\tests\test_orderpage.py", line 547, in test_mobile_number_matching
    'new UiSelector().className("android.widget.TextView").text("Orders")')
  File "C:\Users\clinton\PycharmPythonProject\venv\lib\site-packages\appium\webdriver\extensions\search_context\android.py", line 171, in find_element_by_android_uiautomator
    return self.find_element(by=AppiumBy.ANDROID_UIAUTOMATOR, value=uia_string)
  File "C:\Users\clinton\PycharmPythonProject\venv\lib\site-packages\appium\webdriver\webdriver.py", line 414, in find_element
    return self.execute(RemoteCommand.FIND_ELEMENT, {'using': by, 'value': value})['value']
  File "C:\Users\clinton\PycharmPythonProject\venv\lib\site-packages\selenium\webdriver\remote\webdriver.py", line 418, in execute
    self.error_handler.check_response(response)
  File "C:\Users\clinton\PycharmPythonProject\venv\lib\site-packages\appium\webdriver\errorhandler.py", line 30, in check_response
    raise wde
  File "C:\Users\clinton\PycharmPythonProject\venv\lib\site-packages\appium\webdriver\errorhandler.py", line 26, in check_response
    super().check_response(response)
  File "C:\Users\clinton\PycharmPythonProject\venv\lib\site-packages\selenium\webdriver\remote\errorhandler.py", line 243, in check_response
    raise exception_class(message, screen, stacktrace)
selenium.common.exceptions.NoSuchElementException: Message: An element could not be located on the page using the given search parameters.
Stacktrace:
NoSuchElementError: An element could not be located on the page using the given search parameters.
    at AndroidUiautomator2Driver.findElOrEls (C:\Users\clinton\AppData\Local\Programs\Appium Server GUI\resources\app\node_modules\appium\node_modules\appium-android-driver\lib\commands\find.js:75:11)
    at processTicksAndRejections (internal/process/task_queues.js:85:5)

======================================================================
ERROR [166.388849s]: AppiumFrameWork1.tests.test_orderpage.OrdersPage.test_name_matching
----------------------------------------------------------------------
Traceback (most recent call last):
  File "C:\Users\clinton\PycharmPythonProject\AppiumFrameWork1\tests\test_orderpage.py", line 597, in test_name_matching
    'new UiSelector().className("android.widget.TextView").text("Details")')
  File "C:\Users\clinton\PycharmPythonProject\venv\lib\site-packages\appium\webdriver\extensions\search_context\android.py", line 171, in find_element_by_android_uiautomator
    return self.find_element(by=AppiumBy.ANDROID_UIAUTOMATOR, value=uia_string)
  File "C:\Users\clinton\PycharmPythonProject\venv\lib\site-packages\appium\webdriver\webdriver.py", line 414, in find_element
    return self.execute(RemoteCommand.FIND_ELEMENT, {'using': by, 'value': value})['value']
  File "C:\Users\clinton\PycharmPythonProject\venv\lib\site-packages\selenium\webdriver\remote\webdriver.py", line 418, in execute
    self.error_handler.check_response(response)
  File "C:\Users\clinton\PycharmPythonProject\venv\lib\site-packages\appium\webdriver\errorhandler.py", line 30, in check_response
    raise wde
  File "C:\Users\clinton\PycharmPythonProject\venv\lib\site-packages\appium\webdriver\errorhandler.py", line 26, in check_response
    super().check_response(response)
  File "C:\Users\clinton\PycharmPythonProject\venv\lib\site-packages\selenium\webdriver\remote\errorhandler.py", line 243, in check_response
    raise exception_class(message, screen, stacktrace)
selenium.common.exceptions.NoSuchElementException: Message: An element could not be located on the page using the given search parameters.
Stacktrace:
NoSuchElementError: An element could not be located on the page using the given search parameters.
    at AndroidUiautomator2Driver.findElOrEls (C:\Users\clinton\AppData\Local\Programs\Appium Server GUI\resources\app\node_modules\appium\node_modules\appium-android-driver\lib\commands\find.js:75:11)
    at processTicksAndRejections (internal/process/task_queues.js:85:5)

======================================================================
ERROR [35.364426s]: AppiumFrameWork1.tests.test_orderpage.OrdersPage.test_order_an_item_from_buyer_side
----------------------------------------------------------------------
Traceback (most recent call last):
  File "C:\Users\clinton\PycharmPythonProject\AppiumFrameWork1\tests\test_orderpage.py", line 736, in test_order_an_item_from_buyer_side
    store_link = self.driver.find_element_by_id("com.dukaan.app:id/store_link_tv")
  File "C:\Users\clinton\PycharmPythonProject\venv\lib\site-packages\selenium\webdriver\remote\webdriver.py", line 466, in find_element_by_id
    return self.find_element(by=By.ID, value=id_)
  File "C:\Users\clinton\PycharmPythonProject\venv\lib\site-packages\appium\webdriver\webdriver.py", line 414, in find_element
    return self.execute(RemoteCommand.FIND_ELEMENT, {'using': by, 'value': value})['value']
  File "C:\Users\clinton\PycharmPythonProject\venv\lib\site-packages\selenium\webdriver\remote\webdriver.py", line 418, in execute
    self.error_handler.check_response(response)
  File "C:\Users\clinton\PycharmPythonProject\venv\lib\site-packages\appium\webdriver\errorhandler.py", line 30, in check_response
    raise wde
  File "C:\Users\clinton\PycharmPythonProject\venv\lib\site-packages\appium\webdriver\errorhandler.py", line 26, in check_response
    super().check_response(response)
  File "C:\Users\clinton\PycharmPythonProject\venv\lib\site-packages\selenium\webdriver\remote\errorhandler.py", line 243, in check_response
    raise exception_class(message, screen, stacktrace)
selenium.common.exceptions.NoSuchElementException: Message: An element could not be located on the page using the given search parameters.
Stacktrace:
NoSuchElementError: An element could not be located on the page using the given search parameters.
    at AndroidUiautomator2Driver.findElOrEls (C:\Users\clinton\AppData\Local\Programs\Appium Server GUI\resources\app\node_modules\appium\node_modules\appium-android-driver\lib\commands\find.js:75:11)
    at processTicksAndRejections (internal/process/task_queues.js:85:5)

======================================================================
ERROR [52.896837s]: AppiumFrameWork1.tests.test_orderpage.OrdersPage.test_order_details_page
----------------------------------------------------------------------
Traceback (most recent call last):
  File "C:\Users\clinton\PycharmPythonProject\AppiumFrameWork1\tests\test_orderpage.py", line 35, in test_order_details_page
    details_button = self.driver.find_element_by_android_uiautomator('new UiSelector().className("android.widget.TextView").text("Details")')
  File "C:\Users\clinton\PycharmPythonProject\venv\lib\site-packages\appium\webdriver\extensions\search_context\android.py", line 171, in find_element_by_android_uiautomator
    return self.find_element(by=AppiumBy.ANDROID_UIAUTOMATOR, value=uia_string)
  File "C:\Users\clinton\PycharmPythonProject\venv\lib\site-packages\appium\webdriver\webdriver.py", line 414, in find_element
    return self.execute(RemoteCommand.FIND_ELEMENT, {'using': by, 'value': value})['value']
  File "C:\Users\clinton\PycharmPythonProject\venv\lib\site-packages\selenium\webdriver\remote\webdriver.py", line 418, in execute
    self.error_handler.check_response(response)
  File "C:\Users\clinton\PycharmPythonProject\venv\lib\site-packages\appium\webdriver\errorhandler.py", line 30, in check_response
    raise wde
  File "C:\Users\clinton\PycharmPythonProject\venv\lib\site-packages\appium\webdriver\errorhandler.py", line 26, in check_response
    super().check_response(response)
  File "C:\Users\clinton\PycharmPythonProject\venv\lib\site-packages\selenium\webdriver\remote\errorhandler.py", line 243, in check_response
    raise exception_class(message, screen, stacktrace)
selenium.common.exceptions.NoSuchElementException: Message: An element could not be located on the page using the given search parameters.
Stacktrace:
NoSuchElementError: An element could not be located on the page using the given search parameters.
    at AndroidUiautomator2Driver.findElOrEls (C:\Users\clinton\AppData\Local\Programs\Appium Server GUI\resources\app\node_modules\appium\node_modules\appium-android-driver\lib\commands\find.js:75:11)
    at processTicksAndRejections (internal/process/task_queues.js:85:5)

======================================================================
ERROR [132.195595s]: AppiumFrameWork1.tests.test_orderpage.OrdersPage.test_order_id_matching
----------------------------------------------------------------------
Traceback (most recent call last):
  File "C:\Users\clinton\PycharmPythonProject\AppiumFrameWork1\tests\test_orderpage.py", line 516, in test_order_id_matching
    'new UiSelector().className("android.widget.TextView").text("Details")')
  File "C:\Users\clinton\PycharmPythonProject\venv\lib\site-packages\appium\webdriver\extensions\search_context\android.py", line 171, in find_element_by_android_uiautomator
    return self.find_element(by=AppiumBy.ANDROID_UIAUTOMATOR, value=uia_string)
  File "C:\Users\clinton\PycharmPythonProject\venv\lib\site-packages\appium\webdriver\webdriver.py", line 414, in find_element
    return self.execute(RemoteCommand.FIND_ELEMENT, {'using': by, 'value': value})['value']
  File "C:\Users\clinton\PycharmPythonProject\venv\lib\site-packages\selenium\webdriver\remote\webdriver.py", line 418, in execute
    self.error_handler.check_response(response)
  File "C:\Users\clinton\PycharmPythonProject\venv\lib\site-packages\appium\webdriver\errorhandler.py", line 30, in check_response
    raise wde
  File "C:\Users\clinton\PycharmPythonProject\venv\lib\site-packages\appium\webdriver\errorhandler.py", line 26, in check_response
    super().check_response(response)
  File "C:\Users\clinton\PycharmPythonProject\venv\lib\site-packages\selenium\webdriver\remote\errorhandler.py", line 243, in check_response
    raise exception_class(message, screen, stacktrace)
selenium.common.exceptions.NoSuchElementException: Message: An element could not be located on the page using the given search parameters.
Stacktrace:
NoSuchElementError: An element could not be located on the page using the given search parameters.
    at AndroidUiautomator2Driver.findElOrEls (C:\Users\clinton\AppData\Local\Programs\Appium Server GUI\resources\app\node_modules\appium\node_modules\appium-android-driver\lib\commands\find.js:75:11)
    at processTicksAndRejections (internal/process/task_queues.js:85:5)

======================================================================
ERROR [33.963682s]: AppiumFrameWork1.tests.test_orderpage.OrdersPage.test_order_search_by_mobile_number
----------------------------------------------------------------------
Traceback (most recent call last):
  File "C:\Users\clinton\PycharmPythonProject\AppiumFrameWork1\tests\test_orderpage.py", line 262, in test_order_search_by_mobile_number
    'new UiSelector().className("android.widget.TextView").text("Orders")')
  File "C:\Users\clinton\PycharmPythonProject\venv\lib\site-packages\appium\webdriver\extensions\search_context\android.py", line 171, in find_element_by_android_uiautomator
    return self.find_element(by=AppiumBy.ANDROID_UIAUTOMATOR, value=uia_string)
  File "C:\Users\clinton\PycharmPythonProject\venv\lib\site-packages\appium\webdriver\webdriver.py", line 414, in find_element
    return self.execute(RemoteCommand.FIND_ELEMENT, {'using': by, 'value': value})['value']
  File "C:\Users\clinton\PycharmPythonProject\venv\lib\site-packages\selenium\webdriver\remote\webdriver.py", line 418, in execute
    self.error_handler.check_response(response)
  File "C:\Users\clinton\PycharmPythonProject\venv\lib\site-packages\appium\webdriver\errorhandler.py", line 30, in check_response
    raise wde
  File "C:\Users\clinton\PycharmPythonProject\venv\lib\site-packages\appium\webdriver\errorhandler.py", line 26, in check_response
    super().check_response(response)
  File "C:\Users\clinton\PycharmPythonProject\venv\lib\site-packages\selenium\webdriver\remote\errorhandler.py", line 243, in check_response
    raise exception_class(message, screen, stacktrace)
selenium.common.exceptions.NoSuchElementException: Message: An element could not be located on the page using the given search parameters.
Stacktrace:
NoSuchElementError: An element could not be located on the page using the given search parameters.
    at AndroidUiautomator2Driver.findElOrEls (C:\Users\clinton\AppData\Local\Programs\Appium Server GUI\resources\app\node_modules\appium\node_modules\appium-android-driver\lib\commands\find.js:75:11)
    at processTicksAndRejections (internal/process/task_queues.js:85:5)

======================================================================
ERROR [86.703110s]: AppiumFrameWork1.tests.test_orderpage.OrdersPage.test_order_search_by_name
----------------------------------------------------------------------
Traceback (most recent call last):
  File "C:\Users\clinton\PycharmPythonProject\AppiumFrameWork1\tests\test_orderpage.py", line 308, in test_order_search_by_name
    details_button = self.driver.find_element_by_android_uiautomator('new UiSelector().className("android.widget.TextView").text("Details")')
  File "C:\Users\clinton\PycharmPythonProject\venv\lib\site-packages\appium\webdriver\extensions\search_context\android.py", line 171, in find_element_by_android_uiautomator
    return self.find_element(by=AppiumBy.ANDROID_UIAUTOMATOR, value=uia_string)
  File "C:\Users\clinton\PycharmPythonProject\venv\lib\site-packages\appium\webdriver\webdriver.py", line 414, in find_element
    return self.execute(RemoteCommand.FIND_ELEMENT, {'using': by, 'value': value})['value']
  File "C:\Users\clinton\PycharmPythonProject\venv\lib\site-packages\selenium\webdriver\remote\webdriver.py", line 418, in execute
    self.error_handler.check_response(response)
  File "C:\Users\clinton\PycharmPythonProject\venv\lib\site-packages\appium\webdriver\errorhandler.py", line 30, in check_response
    raise wde
  File "C:\Users\clinton\PycharmPythonProject\venv\lib\site-packages\appium\webdriver\errorhandler.py", line 26, in check_response
    super().check_response(response)
  File "C:\Users\clinton\PycharmPythonProject\venv\lib\site-packages\selenium\webdriver\remote\errorhandler.py", line 243, in check_response
    raise exception_class(message, screen, stacktrace)
selenium.common.exceptions.NoSuchElementException: Message: An element could not be located on the page using the given search parameters.
Stacktrace:
NoSuchElementError: An element could not be located on the page using the given search parameters.
    at AndroidUiautomator2Driver.findElOrEls (C:\Users\clinton\AppData\Local\Programs\Appium Server GUI\resources\app\node_modules\appium\node_modules\appium-android-driver\lib\commands\find.js:75:11)
    at processTicksAndRejections (internal/process/task_queues.js:85:5)

======================================================================
ERROR [89.290594s]: AppiumFrameWork1.tests.test_orderpage.OrdersPage.test_orders_page_range_filters
----------------------------------------------------------------------
Traceback (most recent call last):
  File "C:\Users\clinton\PycharmPythonProject\AppiumFrameWork1\tests\test_orderpage.py", line 431, in test_orders_page_range_filters
    close_add.click()
  File "C:\Users\clinton\PycharmPythonProject\venv\lib\site-packages\selenium\webdriver\remote\webelement.py", line 80, in click
    self._execute(Command.CLICK_ELEMENT)
  File "C:\Users\clinton\PycharmPythonProject\venv\lib\site-packages\selenium\webdriver\remote\webelement.py", line 693, in _execute
    return self._parent.execute(command, params)
  File "C:\Users\clinton\PycharmPythonProject\venv\lib\site-packages\selenium\webdriver\remote\webdriver.py", line 418, in execute
    self.error_handler.check_response(response)
  File "C:\Users\clinton\PycharmPythonProject\venv\lib\site-packages\appium\webdriver\errorhandler.py", line 30, in check_response
    raise wde
  File "C:\Users\clinton\PycharmPythonProject\venv\lib\site-packages\appium\webdriver\errorhandler.py", line 26, in check_response
    super().check_response(response)
  File "C:\Users\clinton\PycharmPythonProject\venv\lib\site-packages\selenium\webdriver\remote\errorhandler.py", line 243, in check_response
    raise exception_class(message, screen, stacktrace)
selenium.common.exceptions.StaleElementReferenceException: Message: The element 'By.id: com.dukaan.app:id/ivClose' does not exist in DOM anymore
Stacktrace:
io.appium.uiautomator2.common.exceptions.StaleElementReferenceException: The element 'By.id: com.dukaan.app:id/ivClose' does not exist in DOM anymore
	at io.appium.uiautomator2.model.ElementsCache.restore(ElementsCache.java:117)
	at io.appium.uiautomator2.model.ElementsCache.get(ElementsCache.java:153)
	at io.appium.uiautomator2.handler.Click.safeHandle(Click.java:36)
	at io.appium.uiautomator2.handler.request.SafeRequestHandler.handle(SafeRequestHandler.java:59)
	at io.appium.uiautomator2.server.AppiumServlet.handleRequest(AppiumServlet.java:266)
	at io.appium.uiautomator2.server.AppiumServlet.handleHttpRequest(AppiumServlet.java:260)
	at io.appium.uiautomator2.http.ServerHandler.channelRead(ServerHandler.java:68)
	at io.netty.channel.AbstractChannelHandlerContext.invokeChannelRead(AbstractChannelHandlerContext.java:366)
	at io.netty.channel.AbstractChannelHandlerContext.invokeChannelRead(AbstractChannelHandlerContext.java:352)
	at io.netty.channel.AbstractChannelHandlerContext.fireChannelRead(AbstractChannelHandlerContext.java:345)
	at io.netty.handler.codec.MessageToMessageDecoder.channelRead(MessageToMessageDecoder.java:102)
	at io.netty.channel.AbstractChannelHandlerContext.invokeChannelRead(AbstractChannelHandlerContext.java:366)
	at io.netty.channel.AbstractChannelHandlerContext.invokeChannelRead(AbstractChannelHandlerContext.java:352)
	at io.netty.channel.AbstractChannelHandlerContext.fireChannelRead(AbstractChannelHandlerContext.java:345)
	at io.netty.channel.CombinedChannelDuplexHandler$DelegatingChannelHandlerContext.fireChannelRead(CombinedChannelDuplexHandler.java:435)
	at io.netty.handler.codec.ByteToMessageDecoder.fireChannelRead(ByteToMessageDecoder.java:293)
	at io.netty.handler.codec.ByteToMessageDecoder.channelRead(ByteToMessageDecoder.java:267)
	at io.netty.channel.CombinedChannelDuplexHandler.channelRead(CombinedChannelDuplexHandler.java:250)
	at io.netty.channel.AbstractChannelHandlerContext.invokeChannelRead(AbstractChannelHandlerContext.java:366)
	at io.netty.channel.AbstractChannelHandlerContext.invokeChannelRead(AbstractChannelHandlerContext.java:352)
	at io.netty.channel.AbstractChannelHandlerContext.fireChannelRead(AbstractChannelHandlerContext.java:345)
	at io.netty.handler.timeout.IdleStateHandler.channelRead(IdleStateHandler.java:266)
	at io.netty.channel.AbstractChannelHandlerContext.invokeChannelRead(AbstractChannelHandlerContext.java:366)
	at io.netty.channel.AbstractChannelHandlerContext.invokeChannelRead(AbstractChannelHandlerContext.java:352)
	at io.netty.channel.AbstractChannelHandlerContext.fireChannelRead(AbstractChannelHandlerContext.java:345)
	at io.netty.channel.DefaultChannelPipeline$HeadContext.channelRead(DefaultChannelPipeline.java:1294)
	at io.netty.channel.AbstractChannelHandlerContext.invokeChannelRead(AbstractChannelHandlerContext.java:366)
	at io.netty.channel.AbstractChannelHandlerContext.invokeChannelRead(AbstractChannelHandlerContext.java:352)
	at io.netty.channel.DefaultChannelPipeline.fireChannelRead(DefaultChannelPipeline.java:911)
	at io.netty.channel.nio.AbstractNioByteChannel$NioByteUnsafe.read(AbstractNioByteChannel.java:131)
	at io.netty.channel.nio.NioEventLoop.processSelectedKey(NioEventLoop.java:611)
	at io.netty.channel.nio.NioEventLoop.processSelectedKeysOptimized(NioEventLoop.java:552)
	at io.netty.channel.nio.NioEventLoop.processSelectedKeys(NioEventLoop.java:466)
	at io.netty.channel.nio.NioEventLoop.run(NioEventLoop.java:438)
	at io.netty.util.concurrent.SingleThreadEventExecutor$2.run(SingleThreadEventExecutor.java:140)
	at io.netty.util.concurrent.DefaultThreadFactory$DefaultRunnableDecorator.run(DefaultThreadFactory.java:144)
	at java.lang.Thread.run(Thread.java:764)


======================================================================
ERROR [123.357764s]: AppiumFrameWork1.tests.test_orderpage.OrdersPage.test_search_invalid_name
----------------------------------------------------------------------
Traceback (most recent call last):
  File "C:\Users\clinton\PycharmPythonProject\AppiumFrameWork1\tests\test_orderpage.py", line 711, in test_search_invalid_name
    assert self.driver.find_element_by_android_uiautomator(
  File "C:\Users\clinton\PycharmPythonProject\venv\lib\site-packages\appium\webdriver\extensions\search_context\android.py", line 171, in find_element_by_android_uiautomator
    return self.find_element(by=AppiumBy.ANDROID_UIAUTOMATOR, value=uia_string)
  File "C:\Users\clinton\PycharmPythonProject\venv\lib\site-packages\appium\webdriver\webdriver.py", line 414, in find_element
    return self.execute(RemoteCommand.FIND_ELEMENT, {'using': by, 'value': value})['value']
  File "C:\Users\clinton\PycharmPythonProject\venv\lib\site-packages\selenium\webdriver\remote\webdriver.py", line 418, in execute
    self.error_handler.check_response(response)
  File "C:\Users\clinton\PycharmPythonProject\venv\lib\site-packages\appium\webdriver\errorhandler.py", line 30, in check_response
    raise wde
  File "C:\Users\clinton\PycharmPythonProject\venv\lib\site-packages\appium\webdriver\errorhandler.py", line 26, in check_response
    super().check_response(response)
  File "C:\Users\clinton\PycharmPythonProject\venv\lib\site-packages\selenium\webdriver\remote\errorhandler.py", line 243, in check_response
    raise exception_class(message, screen, stacktrace)
selenium.common.exceptions.NoSuchElementException: Message: An element could not be located on the page using the given search parameters.
Stacktrace:
NoSuchElementError: An element could not be located on the page using the given search parameters.
    at AndroidUiautomator2Driver.findElOrEls (C:\Users\clinton\AppData\Local\Programs\Appium Server GUI\resources\app\node_modules\appium\node_modules\appium-android-driver\lib\commands\find.js:75:11)
    at processTicksAndRejections (internal/process/task_queues.js:85:5)

======================================================================
ERROR [52.199775s]: AppiumFrameWork1.tests.test_productpage.ProductsPage.test_add_product_with_multiple_categories
----------------------------------------------------------------------
Traceback (most recent call last):
  File "C:\Users\clinton\PycharmPythonProject\AppiumFrameWork1\tests\test_productpage.py", line 307, in test_add_product_with_multiple_categories
    'new UiSelector().className("android.widget.TextView").text("sauce")')
  File "C:\Users\clinton\PycharmPythonProject\venv\lib\site-packages\appium\webdriver\webdriver.py", line 414, in find_element
    return self.execute(RemoteCommand.FIND_ELEMENT, {'using': by, 'value': value})['value']
  File "C:\Users\clinton\PycharmPythonProject\venv\lib\site-packages\selenium\webdriver\remote\webdriver.py", line 418, in execute
    self.error_handler.check_response(response)
  File "C:\Users\clinton\PycharmPythonProject\venv\lib\site-packages\appium\webdriver\errorhandler.py", line 30, in check_response
    raise wde
  File "C:\Users\clinton\PycharmPythonProject\venv\lib\site-packages\appium\webdriver\errorhandler.py", line 26, in check_response
    super().check_response(response)
  File "C:\Users\clinton\PycharmPythonProject\venv\lib\site-packages\selenium\webdriver\remote\errorhandler.py", line 243, in check_response
    raise exception_class(message, screen, stacktrace)
selenium.common.exceptions.NoSuchElementException: Message: An element could not be located on the page using the given search parameters.
Stacktrace:
NoSuchElementError: An element could not be located on the page using the given search parameters.
    at AndroidUiautomator2Driver.findElOrEls (C:\Users\clinton\AppData\Local\Programs\Appium Server GUI\resources\app\node_modules\appium\node_modules\appium-android-driver\lib\commands\find.js:75:11)
    at processTicksAndRejections (internal/process/task_queues.js:85:5)

======================================================================
ERROR [46.191366s]: AppiumFrameWork1.tests.test_productpage.ProductsPage.test_add_products
----------------------------------------------------------------------
Traceback (most recent call last):
  File "C:\Users\clinton\PycharmPythonProject\AppiumFrameWork1\tests\test_productpage.py", line 62, in test_add_products
    'new UiSelector().className("android.widget.TextView").text("Furniture")')
  File "C:\Users\clinton\PycharmPythonProject\venv\lib\site-packages\appium\webdriver\webdriver.py", line 414, in find_element
    return self.execute(RemoteCommand.FIND_ELEMENT, {'using': by, 'value': value})['value']
  File "C:\Users\clinton\PycharmPythonProject\venv\lib\site-packages\selenium\webdriver\remote\webdriver.py", line 418, in execute
    self.error_handler.check_response(response)
  File "C:\Users\clinton\PycharmPythonProject\venv\lib\site-packages\appium\webdriver\errorhandler.py", line 30, in check_response
    raise wde
  File "C:\Users\clinton\PycharmPythonProject\venv\lib\site-packages\appium\webdriver\errorhandler.py", line 26, in check_response
    super().check_response(response)
  File "C:\Users\clinton\PycharmPythonProject\venv\lib\site-packages\selenium\webdriver\remote\errorhandler.py", line 243, in check_response
    raise exception_class(message, screen, stacktrace)
selenium.common.exceptions.NoSuchElementException: Message: An element could not be located on the page using the given search parameters.
Stacktrace:
NoSuchElementError: An element could not be located on the page using the given search parameters.
    at AndroidUiautomator2Driver.findElOrEls (C:\Users\clinton\AppData\Local\Programs\Appium Server GUI\resources\app\node_modules\appium\node_modules\appium-android-driver\lib\commands\find.js:75:11)
    at runMicrotasks (<anonymous>)
    at processTicksAndRejections (internal/process/task_queues.js:85:5)

======================================================================
ERROR [47.901546s]: AppiumFrameWork1.tests.test_productpage.ProductsPage.test_delete_product
----------------------------------------------------------------------
Traceback (most recent call last):
  File "C:\Users\clinton\PycharmPythonProject\AppiumFrameWork1\tests\test_productpage.py", line 109, in test_delete_product
    'new UiSelector().className("android.widget.TextView").text("Furniture")')
  File "C:\Users\clinton\PycharmPythonProject\venv\lib\site-packages\appium\webdriver\webdriver.py", line 414, in find_element
    return self.execute(RemoteCommand.FIND_ELEMENT, {'using': by, 'value': value})['value']
  File "C:\Users\clinton\PycharmPythonProject\venv\lib\site-packages\selenium\webdriver\remote\webdriver.py", line 418, in execute
    self.error_handler.check_response(response)
  File "C:\Users\clinton\PycharmPythonProject\venv\lib\site-packages\appium\webdriver\errorhandler.py", line 30, in check_response
    raise wde
  File "C:\Users\clinton\PycharmPythonProject\venv\lib\site-packages\appium\webdriver\errorhandler.py", line 26, in check_response
    super().check_response(response)
  File "C:\Users\clinton\PycharmPythonProject\venv\lib\site-packages\selenium\webdriver\remote\errorhandler.py", line 243, in check_response
    raise exception_class(message, screen, stacktrace)
selenium.common.exceptions.NoSuchElementException: Message: An element could not be located on the page using the given search parameters.
Stacktrace:
NoSuchElementError: An element could not be located on the page using the given search parameters.
    at AndroidUiautomator2Driver.findElOrEls (C:\Users\clinton\AppData\Local\Programs\Appium Server GUI\resources\app\node_modules\appium\node_modules\appium-android-driver\lib\commands\find.js:75:11)
    at processTicksAndRejections (internal/process/task_queues.js:85:5)

======================================================================
ERROR [42.596164s]: AppiumFrameWork1.tests.test_productpage.ProductsPage.test_edit_product
----------------------------------------------------------------------
Traceback (most recent call last):
  File "C:\Users\clinton\PycharmPythonProject\AppiumFrameWork1\tests\test_productpage.py", line 265, in test_edit_product
    menu_icon.click()
  File "C:\Users\clinton\PycharmPythonProject\venv\lib\site-packages\selenium\webdriver\remote\webelement.py", line 80, in click
    self._execute(Command.CLICK_ELEMENT)
  File "C:\Users\clinton\PycharmPythonProject\venv\lib\site-packages\selenium\webdriver\remote\webelement.py", line 693, in _execute
    return self._parent.execute(command, params)
  File "C:\Users\clinton\PycharmPythonProject\venv\lib\site-packages\selenium\webdriver\remote\webdriver.py", line 418, in execute
    self.error_handler.check_response(response)
  File "C:\Users\clinton\PycharmPythonProject\venv\lib\site-packages\appium\webdriver\errorhandler.py", line 30, in check_response
    raise wde
  File "C:\Users\clinton\PycharmPythonProject\venv\lib\site-packages\appium\webdriver\errorhandler.py", line 26, in check_response
    super().check_response(response)
  File "C:\Users\clinton\PycharmPythonProject\venv\lib\site-packages\selenium\webdriver\remote\errorhandler.py", line 243, in check_response
    raise exception_class(message, screen, stacktrace)
selenium.common.exceptions.StaleElementReferenceException: Message: The element 'By.xpath: (//android.widget.ImageView[@content-desc='Small Icon'])[4]' is not linked to the same object in DOM anymore
Stacktrace:
io.appium.uiautomator2.common.exceptions.StaleElementReferenceException: The element 'By.xpath: (//android.widget.ImageView[@content-desc='Small Icon'])[4]' is not linked to the same object in DOM anymore
	at io.appium.uiautomator2.model.ElementsCache.restore(ElementsCache.java:122)
	at io.appium.uiautomator2.model.ElementsCache.get(ElementsCache.java:153)
	at io.appium.uiautomator2.handler.Click.safeHandle(Click.java:36)
	at io.appium.uiautomator2.handler.request.SafeRequestHandler.handle(SafeRequestHandler.java:59)
	at io.appium.uiautomator2.server.AppiumServlet.handleRequest(AppiumServlet.java:266)
	at io.appium.uiautomator2.server.AppiumServlet.handleHttpRequest(AppiumServlet.java:260)
	at io.appium.uiautomator2.http.ServerHandler.channelRead(ServerHandler.java:68)
	at io.netty.channel.AbstractChannelHandlerContext.invokeChannelRead(AbstractChannelHandlerContext.java:366)
	at io.netty.channel.AbstractChannelHandlerContext.invokeChannelRead(AbstractChannelHandlerContext.java:352)
	at io.netty.channel.AbstractChannelHandlerContext.fireChannelRead(AbstractChannelHandlerContext.java:345)
	at io.netty.handler.codec.MessageToMessageDecoder.channelRead(MessageToMessageDecoder.java:102)
	at io.netty.channel.AbstractChannelHandlerContext.invokeChannelRead(AbstractChannelHandlerContext.java:366)
	at io.netty.channel.AbstractChannelHandlerContext.invokeChannelRead(AbstractChannelHandlerContext.java:352)
	at io.netty.channel.AbstractChannelHandlerContext.fireChannelRead(AbstractChannelHandlerContext.java:345)
	at io.netty.channel.CombinedChannelDuplexHandler$DelegatingChannelHandlerContext.fireChannelRead(CombinedChannelDuplexHandler.java:435)
	at io.netty.handler.codec.ByteToMessageDecoder.fireChannelRead(ByteToMessageDecoder.java:293)
	at io.netty.handler.codec.ByteToMessageDecoder.channelRead(ByteToMessageDecoder.java:267)
	at io.netty.channel.CombinedChannelDuplexHandler.channelRead(CombinedChannelDuplexHandler.java:250)
	at io.netty.channel.AbstractChannelHandlerContext.invokeChannelRead(AbstractChannelHandlerContext.java:366)
	at io.netty.channel.AbstractChannelHandlerContext.invokeChannelRead(AbstractChannelHandlerContext.java:352)
	at io.netty.channel.AbstractChannelHandlerContext.fireChannelRead(AbstractChannelHandlerContext.java:345)
	at io.netty.handler.timeout.IdleStateHandler.channelRead(IdleStateHandler.java:266)
	at io.netty.channel.AbstractChannelHandlerContext.invokeChannelRead(AbstractChannelHandlerContext.java:366)
	at io.netty.channel.AbstractChannelHandlerContext.invokeChannelRead(AbstractChannelHandlerContext.java:352)
	at io.netty.channel.AbstractChannelHandlerContext.fireChannelRead(AbstractChannelHandlerContext.java:345)
	at io.netty.channel.DefaultChannelPipeline$HeadContext.channelRead(DefaultChannelPipeline.java:1294)
	at io.netty.channel.AbstractChannelHandlerContext.invokeChannelRead(AbstractChannelHandlerContext.java:366)
	at io.netty.channel.AbstractChannelHandlerContext.invokeChannelRead(AbstractChannelHandlerContext.java:352)
	at io.netty.channel.DefaultChannelPipeline.fireChannelRead(DefaultChannelPipeline.java:911)
	at io.netty.channel.nio.AbstractNioByteChannel$NioByteUnsafe.read(AbstractNioByteChannel.java:131)
	at io.netty.channel.nio.NioEventLoop.processSelectedKey(NioEventLoop.java:611)
	at io.netty.channel.nio.NioEventLoop.processSelectedKeysOptimized(NioEventLoop.java:552)
	at io.netty.channel.nio.NioEventLoop.processSelectedKeys(NioEventLoop.java:466)
	at io.netty.channel.nio.NioEventLoop.run(NioEventLoop.java:438)
	at io.netty.util.concurrent.SingleThreadEventExecutor$2.run(SingleThreadEventExecutor.java:140)
	at io.netty.util.concurrent.DefaultThreadFactory$DefaultRunnableDecorator.run(DefaultThreadFactory.java:144)
	at java.lang.Thread.run(Thread.java:764)


======================================================================
ERROR [43.766282s]: AppiumFrameWork1.tests.test_productpage.ProductsPage.test_price_validation
----------------------------------------------------------------------
Traceback (most recent call last):
  File "C:\Users\clinton\PycharmPythonProject\AppiumFrameWork1\tests\test_productpage.py", line 583, in test_price_validation
    'new UiSelector().className("android.widget.TextView").text("Clothing")')
  File "C:\Users\clinton\PycharmPythonProject\venv\lib\site-packages\appium\webdriver\extensions\search_context\android.py", line 171, in find_element_by_android_uiautomator
    return self.find_element(by=AppiumBy.ANDROID_UIAUTOMATOR, value=uia_string)
  File "C:\Users\clinton\PycharmPythonProject\venv\lib\site-packages\appium\webdriver\webdriver.py", line 414, in find_element
    return self.execute(RemoteCommand.FIND_ELEMENT, {'using': by, 'value': value})['value']
  File "C:\Users\clinton\PycharmPythonProject\venv\lib\site-packages\selenium\webdriver\remote\webdriver.py", line 418, in execute
    self.error_handler.check_response(response)
  File "C:\Users\clinton\PycharmPythonProject\venv\lib\site-packages\appium\webdriver\errorhandler.py", line 30, in check_response
    raise wde
  File "C:\Users\clinton\PycharmPythonProject\venv\lib\site-packages\appium\webdriver\errorhandler.py", line 26, in check_response
    super().check_response(response)
  File "C:\Users\clinton\PycharmPythonProject\venv\lib\site-packages\selenium\webdriver\remote\errorhandler.py", line 243, in check_response
    raise exception_class(message, screen, stacktrace)
selenium.common.exceptions.NoSuchElementException: Message: An element could not be located on the page using the given search parameters.
Stacktrace:
NoSuchElementError: An element could not be located on the page using the given search parameters.
    at AndroidUiautomator2Driver.findElOrEls (C:\Users\clinton\AppData\Local\Programs\Appium Server GUI\resources\app\node_modules\appium\node_modules\appium-android-driver\lib\commands\find.js:75:11)
    at processTicksAndRejections (internal/process/task_queues.js:85:5)

======================================================================
ERROR [42.894628s]: AppiumFrameWork1.tests.test_productpage.ProductsPage.test_product_add_with_product_name_as_blank_spaces
----------------------------------------------------------------------
Traceback (most recent call last):
  File "C:\Users\clinton\PycharmPythonProject\AppiumFrameWork1\tests\test_productpage.py", line 423, in test_product_add_with_product_name_as_blank_spaces
    'new UiSelector().className("android.widget.TextView").text("sauce")')
  File "C:\Users\clinton\PycharmPythonProject\venv\lib\site-packages\appium\webdriver\extensions\search_context\android.py", line 171, in find_element_by_android_uiautomator
    return self.find_element(by=AppiumBy.ANDROID_UIAUTOMATOR, value=uia_string)
  File "C:\Users\clinton\PycharmPythonProject\venv\lib\site-packages\appium\webdriver\webdriver.py", line 414, in find_element
    return self.execute(RemoteCommand.FIND_ELEMENT, {'using': by, 'value': value})['value']
  File "C:\Users\clinton\PycharmPythonProject\venv\lib\site-packages\selenium\webdriver\remote\webdriver.py", line 418, in execute
    self.error_handler.check_response(response)
  File "C:\Users\clinton\PycharmPythonProject\venv\lib\site-packages\appium\webdriver\errorhandler.py", line 30, in check_response
    raise wde
  File "C:\Users\clinton\PycharmPythonProject\venv\lib\site-packages\appium\webdriver\errorhandler.py", line 26, in check_response
    super().check_response(response)
  File "C:\Users\clinton\PycharmPythonProject\venv\lib\site-packages\selenium\webdriver\remote\errorhandler.py", line 243, in check_response
    raise exception_class(message, screen, stacktrace)
selenium.common.exceptions.NoSuchElementException: Message: An element could not be located on the page using the given search parameters.
Stacktrace:
NoSuchElementError: An element could not be located on the page using the given search parameters.
    at AndroidUiautomator2Driver.findElOrEls (C:\Users\clinton\AppData\Local\Programs\Appium Server GUI\resources\app\node_modules\appium\node_modules\appium-android-driver\lib\commands\find.js:75:11)
    at runMicrotasks (<anonymous>)
    at processTicksAndRejections (internal/process/task_queues.js:85:5)

======================================================================
ERROR [34.076039s]: AppiumFrameWork1.tests.test_productpage.ProductsPage.test_product_add_with_variant
----------------------------------------------------------------------
Traceback (most recent call last):
  File "C:\Users\clinton\PycharmPythonProject\AppiumFrameWork1\tests\test_productpage.py", line 442, in test_product_add_with_variant
    add_product_button = self.driver.find_element(AppiumBy.ID, "com.dukaan.app:id/action_btn")
  File "C:\Users\clinton\PycharmPythonProject\venv\lib\site-packages\appium\webdriver\webdriver.py", line 414, in find_element
    return self.execute(RemoteCommand.FIND_ELEMENT, {'using': by, 'value': value})['value']
  File "C:\Users\clinton\PycharmPythonProject\venv\lib\site-packages\selenium\webdriver\remote\webdriver.py", line 418, in execute
    self.error_handler.check_response(response)
  File "C:\Users\clinton\PycharmPythonProject\venv\lib\site-packages\appium\webdriver\errorhandler.py", line 30, in check_response
    raise wde
  File "C:\Users\clinton\PycharmPythonProject\venv\lib\site-packages\appium\webdriver\errorhandler.py", line 26, in check_response
    super().check_response(response)
  File "C:\Users\clinton\PycharmPythonProject\venv\lib\site-packages\selenium\webdriver\remote\errorhandler.py", line 243, in check_response
    raise exception_class(message, screen, stacktrace)
selenium.common.exceptions.NoSuchElementException: Message: An element could not be located on the page using the given search parameters.
Stacktrace:
NoSuchElementError: An element could not be located on the page using the given search parameters.
    at AndroidUiautomator2Driver.findElOrEls (C:\Users\clinton\AppData\Local\Programs\Appium Server GUI\resources\app\node_modules\appium\node_modules\appium-android-driver\lib\commands\find.js:75:11)
    at processTicksAndRejections (internal/process/task_queues.js:85:5)

======================================================================
ERROR [41.068246s]: AppiumFrameWork1.tests.test_productpage.ProductsPage.test_product_add_without_price
----------------------------------------------------------------------
Traceback (most recent call last):
  File "C:\Users\clinton\PycharmPythonProject\AppiumFrameWork1\tests\test_productpage.py", line 390, in test_product_add_without_price
    'new UiSelector().className("android.widget.TextView").text("sauce")')
  File "C:\Users\clinton\PycharmPythonProject\venv\lib\site-packages\appium\webdriver\webdriver.py", line 414, in find_element
    return self.execute(RemoteCommand.FIND_ELEMENT, {'using': by, 'value': value})['value']
  File "C:\Users\clinton\PycharmPythonProject\venv\lib\site-packages\selenium\webdriver\remote\webdriver.py", line 418, in execute
    self.error_handler.check_response(response)
  File "C:\Users\clinton\PycharmPythonProject\venv\lib\site-packages\appium\webdriver\errorhandler.py", line 30, in check_response
    raise wde
  File "C:\Users\clinton\PycharmPythonProject\venv\lib\site-packages\appium\webdriver\errorhandler.py", line 26, in check_response
    super().check_response(response)
  File "C:\Users\clinton\PycharmPythonProject\venv\lib\site-packages\selenium\webdriver\remote\errorhandler.py", line 243, in check_response
    raise exception_class(message, screen, stacktrace)
selenium.common.exceptions.NoSuchElementException: Message: An element could not be located on the page using the given search parameters.
Stacktrace:
NoSuchElementError: An element could not be located on the page using the given search parameters.
    at AndroidUiautomator2Driver.findElOrEls (C:\Users\clinton\AppData\Local\Programs\Appium Server GUI\resources\app\node_modules\appium\node_modules\appium-android-driver\lib\commands\find.js:75:11)
    at runMicrotasks (<anonymous>)
    at processTicksAndRejections (internal/process/task_queues.js:85:5)

======================================================================
ERROR [49.165487s]: AppiumFrameWork1.tests.test_productpage.ProductsPage.test_product_save_as_draft
----------------------------------------------------------------------
Traceback (most recent call last):
  File "C:\Users\clinton\PycharmPythonProject\AppiumFrameWork1\tests\test_productpage.py", line 537, in test_product_save_as_draft
    add_product_button1 = self.driver.find_element_by_id("com.dukaan.app:id/action_btn")
  File "C:\Users\clinton\PycharmPythonProject\venv\lib\site-packages\selenium\webdriver\remote\webdriver.py", line 466, in find_element_by_id
    return self.find_element(by=By.ID, value=id_)
  File "C:\Users\clinton\PycharmPythonProject\venv\lib\site-packages\appium\webdriver\webdriver.py", line 414, in find_element
    return self.execute(RemoteCommand.FIND_ELEMENT, {'using': by, 'value': value})['value']
  File "C:\Users\clinton\PycharmPythonProject\venv\lib\site-packages\selenium\webdriver\remote\webdriver.py", line 418, in execute
    self.error_handler.check_response(response)
  File "C:\Users\clinton\PycharmPythonProject\venv\lib\site-packages\appium\webdriver\errorhandler.py", line 30, in check_response
    raise wde
  File "C:\Users\clinton\PycharmPythonProject\venv\lib\site-packages\appium\webdriver\errorhandler.py", line 26, in check_response
    super().check_response(response)
  File "C:\Users\clinton\PycharmPythonProject\venv\lib\site-packages\selenium\webdriver\remote\errorhandler.py", line 243, in check_response
    raise exception_class(message, screen, stacktrace)
selenium.common.exceptions.NoSuchElementException: Message: An element could not be located on the page using the given search parameters.
Stacktrace:
NoSuchElementError: An element could not be located on the page using the given search parameters.
    at AndroidUiautomator2Driver.findElOrEls (C:\Users\clinton\AppData\Local\Programs\Appium Server GUI\resources\app\node_modules\appium\node_modules\appium-android-driver\lib\commands\find.js:75:11)
    at processTicksAndRejections (internal/process/task_queues.js:85:5)

======================================================================
ERROR [61.069201s]: AppiumFrameWork1.tests.test_productpage.ProductsPage.test_product_stock_toggle
----------------------------------------------------------------------
Traceback (most recent call last):
  File "C:\Users\clinton\PycharmPythonProject\AppiumFrameWork1\tests\test_productpage.py", line 219, in test_product_stock_toggle
    toggle_button_on.click()
  File "C:\Users\clinton\PycharmPythonProject\venv\lib\site-packages\selenium\webdriver\remote\webelement.py", line 80, in click
    self._execute(Command.CLICK_ELEMENT)
  File "C:\Users\clinton\PycharmPythonProject\venv\lib\site-packages\selenium\webdriver\remote\webelement.py", line 693, in _execute
    return self._parent.execute(command, params)
  File "C:\Users\clinton\PycharmPythonProject\venv\lib\site-packages\selenium\webdriver\remote\webdriver.py", line 418, in execute
    self.error_handler.check_response(response)
  File "C:\Users\clinton\PycharmPythonProject\venv\lib\site-packages\appium\webdriver\errorhandler.py", line 30, in check_response
    raise wde
  File "C:\Users\clinton\PycharmPythonProject\venv\lib\site-packages\appium\webdriver\errorhandler.py", line 26, in check_response
    super().check_response(response)
  File "C:\Users\clinton\PycharmPythonProject\venv\lib\site-packages\selenium\webdriver\remote\errorhandler.py", line 243, in check_response
    raise exception_class(message, screen, stacktrace)
selenium.common.exceptions.StaleElementReferenceException: Message: The element 'By.AndroidUiAutomator: new UiSelector().className("android.widget.Switch").text("ON")' does not exist in DOM anymore
Stacktrace:
io.appium.uiautomator2.common.exceptions.StaleElementReferenceException: The element 'By.AndroidUiAutomator: new UiSelector().className("android.widget.Switch").text("ON")' does not exist in DOM anymore
	at io.appium.uiautomator2.model.ElementsCache.restore(ElementsCache.java:117)
	at io.appium.uiautomator2.model.ElementsCache.get(ElementsCache.java:153)
	at io.appium.uiautomator2.handler.Click.safeHandle(Click.java:36)
	at io.appium.uiautomator2.handler.request.SafeRequestHandler.handle(SafeRequestHandler.java:59)
	at io.appium.uiautomator2.server.AppiumServlet.handleRequest(AppiumServlet.java:266)
	at io.appium.uiautomator2.server.AppiumServlet.handleHttpRequest(AppiumServlet.java:260)
	at io.appium.uiautomator2.http.ServerHandler.channelRead(ServerHandler.java:68)
	at io.netty.channel.AbstractChannelHandlerContext.invokeChannelRead(AbstractChannelHandlerContext.java:366)
	at io.netty.channel.AbstractChannelHandlerContext.invokeChannelRead(AbstractChannelHandlerContext.java:352)
	at io.netty.channel.AbstractChannelHandlerContext.fireChannelRead(AbstractChannelHandlerContext.java:345)
	at io.netty.handler.codec.MessageToMessageDecoder.channelRead(MessageToMessageDecoder.java:102)
	at io.netty.channel.AbstractChannelHandlerContext.invokeChannelRead(AbstractChannelHandlerContext.java:366)
	at io.netty.channel.AbstractChannelHandlerContext.invokeChannelRead(AbstractChannelHandlerContext.java:352)
	at io.netty.channel.AbstractChannelHandlerContext.fireChannelRead(AbstractChannelHandlerContext.java:345)
	at io.netty.channel.CombinedChannelDuplexHandler$DelegatingChannelHandlerContext.fireChannelRead(CombinedChannelDuplexHandler.java:435)
	at io.netty.handler.codec.ByteToMessageDecoder.fireChannelRead(ByteToMessageDecoder.java:293)
	at io.netty.handler.codec.ByteToMessageDecoder.channelRead(ByteToMessageDecoder.java:267)
	at io.netty.channel.CombinedChannelDuplexHandler.channelRead(CombinedChannelDuplexHandler.java:250)
	at io.netty.channel.AbstractChannelHandlerContext.invokeChannelRead(AbstractChannelHandlerContext.java:366)
	at io.netty.channel.AbstractChannelHandlerContext.invokeChannelRead(AbstractChannelHandlerContext.java:352)
	at io.netty.channel.AbstractChannelHandlerContext.fireChannelRead(AbstractChannelHandlerContext.java:345)
	at io.netty.handler.timeout.IdleStateHandler.channelRead(IdleStateHandler.java:266)
	at io.netty.channel.AbstractChannelHandlerContext.invokeChannelRead(AbstractChannelHandlerContext.java:366)
	at io.netty.channel.AbstractChannelHandlerContext.invokeChannelRead(AbstractChannelHandlerContext.java:352)
	at io.netty.channel.AbstractChannelHandlerContext.fireChannelRead(AbstractChannelHandlerContext.java:345)
	at io.netty.channel.DefaultChannelPipeline$HeadContext.channelRead(DefaultChannelPipeline.java:1294)
	at io.netty.channel.AbstractChannelHandlerContext.invokeChannelRead(AbstractChannelHandlerContext.java:366)
	at io.netty.channel.AbstractChannelHandlerContext.invokeChannelRead(AbstractChannelHandlerContext.java:352)
	at io.netty.channel.DefaultChannelPipeline.fireChannelRead(DefaultChannelPipeline.java:911)
	at io.netty.channel.nio.AbstractNioByteChannel$NioByteUnsafe.read(AbstractNioByteChannel.java:131)
	at io.netty.channel.nio.NioEventLoop.processSelectedKey(NioEventLoop.java:611)
	at io.netty.channel.nio.NioEventLoop.processSelectedKeysOptimized(NioEventLoop.java:552)
	at io.netty.channel.nio.NioEventLoop.processSelectedKeys(NioEventLoop.java:466)
	at io.netty.channel.nio.NioEventLoop.run(NioEventLoop.java:438)
	at io.netty.util.concurrent.SingleThreadEventExecutor$2.run(SingleThreadEventExecutor.java:140)
	at io.netty.util.concurrent.DefaultThreadFactory$DefaultRunnableDecorator.run(DefaultThreadFactory.java:144)
	at java.lang.Thread.run(Thread.java:764)


----------------------------------------------------------------------
Ran 62 tests in 0:54:33

FAILED
 (Errors=44)

Generating HTML reports... 
reports\TestResults_accountpage.AccountPage_2022-03-29_17-05-45.html
reports\TestResults_AppiumFrameWork1.tests.test_homepage.HomePage_2022-03-29_17-05-45.html
reports\TestResults_AppiumFrameWork1.tests1.test_loginpage.LoginPage_2022-03-29_17-05-45.html
reports\TestResults_AppiumFrameWork1.tests.test_managepage.ManageStorePage_2022-03-29_17-05-45.html
reports\TestResults_AppiumFrameWork1.tests.test_orderpage.OrdersPage_2022-03-29_17-05-45.html
reports\TestResults_AppiumFrameWork1.tests.test_productpage.ProductsPage_2022-03-29_17-05-45.html
